12:44:12,289 (main) DEBUG [DataNucleus.General] - Using PluginRegistry org.datanucleus.plugin.NonManagedPluginRegistry
12:44:12,325 (main) DEBUG [DataNucleus.General] - Registering bundle org.eclipse.sisu.inject version 0.3.4 at URL file:/C:/Users/enrique/.m2/repository/org/eclipse/sisu/org.eclipse.sisu.inject/0.3.4/org.eclipse.sisu.inject-0.3.4.jar.
12:44:12,370 (main) DEBUG [DataNucleus.General] - Leyendo extension-points y extensiones del archivo de plug-in jar:file:/C:/Users/enrique/.m2/repository/org/eclipse/sisu/org.eclipse.sisu.inject/0.3.4/org.eclipse.sisu.inject-0.3.4.jar!/plugin.xml.
12:44:12,378 (main) DEBUG [DataNucleus.General] - Registering bundle org.datanucleus version 6.0.3 at URL file:/C:/Users/enrique/.m2/repository/org/datanucleus/datanucleus-core/6.0.3/datanucleus-core-6.0.3.jar.
12:44:12,382 (main) DEBUG [DataNucleus.General] - Leyendo extension-points y extensiones del archivo de plug-in jar:file:/C:/Users/enrique/.m2/repository/org/datanucleus/datanucleus-core/6.0.3/datanucleus-core-6.0.3.jar!/plugin.xml.
12:44:12,399 (main) DEBUG [DataNucleus.General] - Registering bundle org.datanucleus.api.jdo version 6.0.1 at URL file:/C:/Users/enrique/.m2/repository/org/datanucleus/datanucleus-api-jdo/6.0.1/datanucleus-api-jdo-6.0.1.jar.
12:44:12,411 (main) DEBUG [DataNucleus.General] - Leyendo extension-points y extensiones del archivo de plug-in jar:file:/C:/Users/enrique/.m2/repository/org/datanucleus/datanucleus-api-jdo/6.0.1/datanucleus-api-jdo-6.0.1.jar!/plugin.xml.
12:44:12,426 (main) DEBUG [DataNucleus.General] - Registering bundle org.datanucleus.store.rdbms version 6.0.3 at URL file:/C:/Users/enrique/.m2/repository/org/datanucleus/datanucleus-rdbms/6.0.3/datanucleus-rdbms-6.0.3.jar.
12:44:12,454 (main) DEBUG [DataNucleus.General] - Leyendo extension-points y extensiones del archivo de plug-in jar:file:/C:/Users/enrique/.m2/repository/org/datanucleus/datanucleus-rdbms/6.0.3/datanucleus-rdbms-6.0.3.jar!/plugin.xml.
12:44:12,575 (main) DEBUG [DataNucleus.Persistence] - Tipos de Java inicializando ...
12:44:12,689 (main) DEBUG [DataNucleus.Persistence] - Soporte para tipos de Java listo : tipos soportados = [B, [C, [D, [F, [I, [J, [Ljava.lang.Boolean;, [Ljava.lang.Byte;, [Ljava.lang.Character;, [Ljava.lang.Double;, [Ljava.lang.Enum;, [Ljava.lang.Float;, [Ljava.lang.Integer;, [Ljava.lang.Long;, [Ljava.lang.Number;, [Ljava.lang.Object;, [Ljava.lang.Short;, [Ljava.lang.String;, [Ljava.math.BigDecimal;, [Ljava.math.BigInteger;, [Ljava.util.Date;, [Ljava.util.Locale;, [S, [Z, boolean, byte, char, double, float, int, java.awt.Color, java.awt.image.BufferedImage, java.lang.Boolean, java.lang.Byte, java.lang.Character, java.lang.Class, java.lang.Double, java.lang.Enum, java.lang.Float, java.lang.Integer, java.lang.Long, java.lang.Number, java.lang.Short, java.lang.String, java.lang.StringBuffer, java.lang.StringBuilder, java.math.BigDecimal, java.math.BigInteger, java.net.URI, java.net.URL, java.sql.Date, java.sql.Time, java.sql.Timestamp, java.time.Duration, java.time.Instant, java.time.LocalDate, java.time.LocalDateTime, java.time.LocalTime, java.time.MonthDay, java.time.OffsetDateTime, java.time.OffsetTime, java.time.Period, java.time.Year, java.time.YearMonth, java.time.ZonedDateTime, java.time.ZoneId, java.time.ZoneOffset, java.util.ArrayList, java.util.Arrays$ArrayList, java.util.BitSet, java.util.Calendar, java.util.Collection, java.util.Currency, java.util.Date, java.util.GregorianCalendar, java.util.HashMap, java.util.HashSet, java.util.Hashtable, java.util.LinkedHashMap, java.util.LinkedHashSet, java.util.LinkedList, java.util.List, java.util.Locale, java.util.Map, java.util.Optional, java.util.PriorityQueue, java.util.Properties, java.util.Queue, java.util.Set, java.util.SortedMap, java.util.SortedSet, java.util.Stack, java.util.TimeZone, java.util.TreeMap, java.util.TreeSet, java.util.UUID, java.util.Vector, long, short
12:44:12,689 (main) DEBUG [DataNucleus.Persistence] - Inicializando TypeConverters ...
12:44:12,730 (main) DEBUG [DataNucleus.Persistence] - TypeConverters listo
12:44:12,731 (main) DEBUG [DataNucleus.Persistence] - TypeConverter(s) available for byte[] to : java.nio.ByteBuffer
12:44:12,731 (main) DEBUG [DataNucleus.Persistence] - TypeConverter(s) available for char[] to : java.nio.ByteBuffer
12:44:12,731 (main) DEBUG [DataNucleus.Persistence] - TypeConverter(s) available for double[] to : java.nio.ByteBuffer
12:44:12,732 (main) DEBUG [DataNucleus.Persistence] - TypeConverter(s) available for float[] to : java.nio.ByteBuffer
12:44:12,732 (main) DEBUG [DataNucleus.Persistence] - TypeConverter(s) available for int[] to : java.nio.ByteBuffer
12:44:12,732 (main) DEBUG [DataNucleus.Persistence] - TypeConverter(s) available for long[] to : java.nio.ByteBuffer
12:44:12,732 (main) DEBUG [DataNucleus.Persistence] - TypeConverter(s) available for [Ljava.math.BigDecimal; to : java.nio.ByteBuffer
12:44:12,732 (main) DEBUG [DataNucleus.Persistence] - TypeConverter(s) available for [Ljava.math.BigInteger; to : java.nio.ByteBuffer
12:44:12,732 (main) DEBUG [DataNucleus.Persistence] - TypeConverter(s) available for short[] to : java.nio.ByteBuffer
12:44:12,732 (main) DEBUG [DataNucleus.Persistence] - TypeConverter(s) available for boolean[] to : java.nio.ByteBuffer
12:44:12,732 (main) DEBUG [DataNucleus.Persistence] - TypeConverter(s) available for java.awt.Color to : int[],java.lang.String
12:44:12,733 (main) DEBUG [DataNucleus.Persistence] - TypeConverter(s) available for java.awt.image.BufferedImage to : byte[],java.nio.ByteBuffer
12:44:12,733 (main) DEBUG [DataNucleus.Persistence] - TypeConverter(s) available for java.io.Serializable to : byte[],java.nio.ByteBuffer,java.lang.String
12:44:12,733 (main) DEBUG [DataNucleus.Persistence] - TypeConverter(s) available for java.lang.Boolean to : java.lang.Character,java.lang.Integer
12:44:12,733 (main) DEBUG [DataNucleus.Persistence] - TypeConverter(s) available for java.lang.Character to : java.lang.String
12:44:12,733 (main) DEBUG [DataNucleus.Persistence] - TypeConverter(s) available for java.lang.Class to : java.lang.String
12:44:12,733 (main) DEBUG [DataNucleus.Persistence] - TypeConverter(s) available for java.lang.Integer to : java.lang.String
12:44:12,733 (main) DEBUG [DataNucleus.Persistence] - TypeConverter(s) available for java.lang.Long to : java.lang.String
12:44:12,733 (main) DEBUG [DataNucleus.Persistence] - TypeConverter(s) available for java.lang.StringBuffer to : java.lang.String
12:44:12,733 (main) DEBUG [DataNucleus.Persistence] - TypeConverter(s) available for java.lang.StringBuilder to : java.lang.String
12:44:12,733 (main) DEBUG [DataNucleus.Persistence] - TypeConverter(s) available for java.math.BigDecimal to : java.lang.String,java.lang.Double
12:44:12,733 (main) DEBUG [DataNucleus.Persistence] - TypeConverter(s) available for java.math.BigInteger to : java.lang.Long,java.lang.String
12:44:12,733 (main) DEBUG [DataNucleus.Persistence] - TypeConverter(s) available for java.net.URI to : java.lang.String
12:44:12,733 (main) DEBUG [DataNucleus.Persistence] - TypeConverter(s) available for java.net.URL to : java.lang.String
12:44:12,734 (main) DEBUG [DataNucleus.Persistence] - TypeConverter(s) available for java.sql.Date to : java.lang.Long,java.lang.String,java.util.Date
12:44:12,734 (main) DEBUG [DataNucleus.Persistence] - TypeConverter(s) available for java.sql.Time to : java.lang.Long,java.lang.String,java.util.Date
12:44:12,734 (main) DEBUG [DataNucleus.Persistence] - TypeConverter(s) available for java.sql.Timestamp to : java.lang.Long,java.lang.String,java.util.Date
12:44:12,734 (main) DEBUG [DataNucleus.Persistence] - TypeConverter(s) available for java.time.Duration to : java.lang.Long,java.lang.String,java.lang.Double
12:44:12,734 (main) DEBUG [DataNucleus.Persistence] - TypeConverter(s) available for java.time.Instant to : java.lang.Long,java.sql.Timestamp,java.lang.String,java.util.Date
12:44:12,735 (main) DEBUG [DataNucleus.Persistence] - TypeConverter(s) available for java.time.LocalDate to : java.sql.Date,java.lang.String,java.util.Date
12:44:12,735 (main) DEBUG [DataNucleus.Persistence] - TypeConverter(s) available for java.time.LocalDateTime to : java.sql.Timestamp,java.lang.String,java.util.Date
12:44:12,735 (main) DEBUG [DataNucleus.Persistence] - TypeConverter(s) available for java.time.LocalTime to : java.lang.Long,java.sql.Time,java.lang.String,java.util.Date
12:44:12,735 (main) DEBUG [DataNucleus.Persistence] - TypeConverter(s) available for java.time.MonthDay to : int[],java.sql.Date,java.lang.String,java.util.Date
12:44:12,735 (main) DEBUG [DataNucleus.Persistence] - TypeConverter(s) available for java.time.OffsetDateTime to : java.sql.Timestamp,java.lang.String,java.util.Date
12:44:12,735 (main) DEBUG [DataNucleus.Persistence] - TypeConverter(s) available for java.time.OffsetTime to : java.lang.Long,java.sql.Time,java.lang.String
12:44:12,735 (main) DEBUG [DataNucleus.Persistence] - TypeConverter(s) available for java.time.Period to : int[],java.lang.String
12:44:12,735 (main) DEBUG [DataNucleus.Persistence] - TypeConverter(s) available for java.time.Year to : java.lang.String,java.lang.Integer
12:44:12,736 (main) DEBUG [DataNucleus.Persistence] - TypeConverter(s) available for java.time.YearMonth to : int[],java.sql.Date,java.lang.String,java.util.Date
12:44:12,736 (main) DEBUG [DataNucleus.Persistence] - TypeConverter(s) available for java.time.ZonedDateTime to : java.sql.Timestamp,java.lang.String
12:44:12,736 (main) DEBUG [DataNucleus.Persistence] - TypeConverter(s) available for java.time.ZoneId to : java.lang.String
12:44:12,736 (main) DEBUG [DataNucleus.Persistence] - TypeConverter(s) available for java.time.ZoneOffset to : java.lang.String
12:44:12,736 (main) DEBUG [DataNucleus.Persistence] - TypeConverter(s) available for java.util.BitSet to : java.lang.String
12:44:12,737 (main) DEBUG [DataNucleus.Persistence] - TypeConverter(s) available for java.util.Calendar to : java.sql.Timestamp,java.lang.String,[Ljava.lang.Object;,java.util.Date
12:44:12,737 (main) DEBUG [DataNucleus.Persistence] - TypeConverter(s) available for java.util.Currency to : java.lang.String
12:44:12,737 (main) DEBUG [DataNucleus.Persistence] - TypeConverter(s) available for java.util.Date to : java.lang.Long,java.lang.String
12:44:12,737 (main) DEBUG [DataNucleus.Persistence] - TypeConverter(s) available for java.util.Locale to : java.lang.String
12:44:12,737 (main) DEBUG [DataNucleus.Persistence] - TypeConverter(s) available for java.util.TimeZone to : java.lang.String
12:44:12,737 (main) DEBUG [DataNucleus.Persistence] - TypeConverter(s) available for java.util.UUID to : java.lang.String
12:44:12,761 (main) DEBUG [DataNucleus.MetaData] - MetaDataManager : Input=(XML,Annotations), XML-Validation=false, XML-Suffices=(persistence=*.jdo, orm=orm, query=*.jdoquery), JDO-listener=false
12:44:12,761 (main) INFO  [DataNucleus.Enhancer] - DataNucleus Enhancer (versión 6.0.3) para el API "JDO" utilisando el JRE "{2}"
12:44:12,762 (main) DEBUG [DataNucleus.Enhancer] - DataNucleus Enhancer : Classpath
12:44:12,762 (main) DEBUG [DataNucleus.Enhancer] - >>  C:\Users\enrique\.m2\repository\org\datanucleus\datanucleus-maven-plugin\6.0.0-release\datanucleus-maven-plugin-6.0.0-release.jar
12:44:12,762 (main) DEBUG [DataNucleus.Enhancer] - >>  C:\Users\enrique\.m2\repository\org\codehaus\plexus\plexus-utils\3.3.0\plexus-utils-3.3.0.jar
12:44:12,762 (main) DEBUG [DataNucleus.Enhancer] - >>  C:\Users\enrique\.m2\repository\org\apache\maven\maven-artifact\3.8.1\maven-artifact-3.8.1.jar
12:44:12,763 (main) DEBUG [DataNucleus.Enhancer] - >>  C:\Users\enrique\.m2\repository\org\apache\commons\commons-lang3\3.8.1\commons-lang3-3.8.1.jar
12:44:12,763 (main) DEBUG [DataNucleus.Enhancer] - >>  C:\Users\enrique\.m2\repository\org\apache\maven\maven-plugin-api\3.8.1\maven-plugin-api-3.8.1.jar
12:44:12,763 (main) DEBUG [DataNucleus.Enhancer] - >>  C:\Users\enrique\.m2\repository\org\apache\maven\maven-model\3.8.1\maven-model-3.8.1.jar
12:44:12,763 (main) DEBUG [DataNucleus.Enhancer] - >>  C:\Users\enrique\.m2\repository\org\eclipse\sisu\org.eclipse.sisu.plexus\0.3.4\org.eclipse.sisu.plexus-0.3.4.jar
12:44:12,763 (main) DEBUG [DataNucleus.Enhancer] - >>  C:\Users\enrique\.m2\repository\javax\enterprise\cdi-api\1.0\cdi-api-1.0.jar
12:44:12,764 (main) DEBUG [DataNucleus.Enhancer] - >>  C:\Users\enrique\.m2\repository\javax\annotation\jsr250-api\1.0\jsr250-api-1.0.jar
12:44:12,764 (main) DEBUG [DataNucleus.Enhancer] - >>  C:\Users\enrique\.m2\repository\javax\inject\javax.inject\1\javax.inject-1.jar
12:44:12,765 (main) DEBUG [DataNucleus.Enhancer] - >>  C:\Users\enrique\.m2\repository\org\eclipse\sisu\org.eclipse.sisu.inject\0.3.4\org.eclipse.sisu.inject-0.3.4.jar
12:44:12,765 (main) DEBUG [DataNucleus.Enhancer] - >>  C:\Users\enrique\.m2\repository\org\codehaus\plexus\plexus-component-annotations\1.5.5\plexus-component-annotations-1.5.5.jar
12:44:12,765 (main) DEBUG [DataNucleus.Enhancer] - >>  C:\Users\enrique\.m2\repository\org\codehaus\plexus\plexus-classworlds\2.6.0\plexus-classworlds-2.6.0.jar
12:44:12,765 (main) DEBUG [DataNucleus.Enhancer] - >>  C:\Users\enrique\.m2\repository\org\codehaus\plexus\plexus-container-default\2.1.0\plexus-container-default-2.1.0.jar
12:44:12,765 (main) DEBUG [DataNucleus.Enhancer] - >>  C:\Users\enrique\.m2\repository\org\apache\xbean\xbean-reflect\3.7\xbean-reflect-3.7.jar
12:44:12,765 (main) DEBUG [DataNucleus.Enhancer] - >>  C:\Users\enrique\.m2\repository\com\google\collections\google-collections\1.0\google-collections-1.0.jar
12:44:12,765 (main) DEBUG [DataNucleus.Enhancer] - >>  C:\Users\enrique\Desktop\UNIVERSIDAD\3Carrera\2ºCuatri\Proyectos\Proyecto-SoftwareYCalidad\ProyectoSoftwareYcalidad\target\classes
12:44:12,766 (main) DEBUG [DataNucleus.Enhancer] - >>  C:\Users\enrique\.m2\repository\org\datanucleus\javax.jdo\3.2.1\javax.jdo-3.2.1.jar
12:44:12,766 (main) DEBUG [DataNucleus.Enhancer] - >>  C:\Users\enrique\.m2\repository\javax\transaction\javax.transaction-api\1.3\javax.transaction-api-1.3.jar
12:44:12,766 (main) DEBUG [DataNucleus.Enhancer] - >>  C:\Users\enrique\.m2\repository\org\glassfish\corba\glassfish-corba-omgapi\4.2.2\glassfish-corba-omgapi-4.2.2.jar
12:44:12,766 (main) DEBUG [DataNucleus.Enhancer] - >>  C:\Users\enrique\.m2\repository\org\datanucleus\datanucleus-core\6.0.3\datanucleus-core-6.0.3.jar
12:44:12,766 (main) DEBUG [DataNucleus.Enhancer] - >>  C:\Users\enrique\.m2\repository\org\datanucleus\datanucleus-api-jdo\6.0.1\datanucleus-api-jdo-6.0.1.jar
12:44:12,767 (main) DEBUG [DataNucleus.Enhancer] - >>  C:\Users\enrique\.m2\repository\org\datanucleus\datanucleus-rdbms\6.0.3\datanucleus-rdbms-6.0.3.jar
12:44:12,767 (main) DEBUG [DataNucleus.Enhancer] - >>  C:\Users\enrique\.m2\repository\mysql\mysql-connector-java\8.0.29\mysql-connector-java-8.0.29.jar
12:44:12,767 (main) DEBUG [DataNucleus.Enhancer] - >>  C:\Users\enrique\.m2\repository\com\google\protobuf\protobuf-java\3.19.4\protobuf-java-3.19.4.jar
12:44:12,767 (main) DEBUG [DataNucleus.Enhancer] - >>  C:\Users\enrique\.m2\repository\org\apache\logging\log4j\log4j-api\2.20.0\log4j-api-2.20.0.jar
12:44:12,767 (main) DEBUG [DataNucleus.Enhancer] - >>  C:\Users\enrique\.m2\repository\org\apache\logging\log4j\log4j-core\2.20.0\log4j-core-2.20.0.jar
12:44:12,767 (main) DEBUG [DataNucleus.Enhancer] - >>  C:\Users\enrique\.m2\repository\org\glassfish\jersey\containers\jersey-container-servlet-core\2.35\jersey-container-servlet-core-2.35.jar
12:44:12,767 (main) DEBUG [DataNucleus.Enhancer] - >>  C:\Users\enrique\.m2\repository\org\glassfish\hk2\external\jakarta.inject\2.6.1\jakarta.inject-2.6.1.jar
12:44:12,767 (main) DEBUG [DataNucleus.Enhancer] - >>  C:\Users\enrique\.m2\repository\org\glassfish\jersey\core\jersey-common\2.35\jersey-common-2.35.jar
12:44:12,767 (main) DEBUG [DataNucleus.Enhancer] - >>  C:\Users\enrique\.m2\repository\jakarta\annotation\jakarta.annotation-api\1.3.5\jakarta.annotation-api-1.3.5.jar
12:44:12,768 (main) DEBUG [DataNucleus.Enhancer] - >>  C:\Users\enrique\.m2\repository\org\glassfish\hk2\osgi-resource-locator\1.0.3\osgi-resource-locator-1.0.3.jar
12:44:12,768 (main) DEBUG [DataNucleus.Enhancer] - >>  C:\Users\enrique\.m2\repository\org\glassfish\jersey\core\jersey-server\2.35\jersey-server-2.35.jar
12:44:12,768 (main) DEBUG [DataNucleus.Enhancer] - >>  C:\Users\enrique\.m2\repository\org\glassfish\jersey\core\jersey-client\2.35\jersey-client-2.35.jar
12:44:12,768 (main) DEBUG [DataNucleus.Enhancer] - >>  C:\Users\enrique\.m2\repository\jakarta\validation\jakarta.validation-api\2.0.2\jakarta.validation-api-2.0.2.jar
12:44:12,768 (main) DEBUG [DataNucleus.Enhancer] - >>  C:\Users\enrique\.m2\repository\jakarta\ws\rs\jakarta.ws.rs-api\2.1.6\jakarta.ws.rs-api-2.1.6.jar
12:44:12,769 (main) DEBUG [DataNucleus.Enhancer] - >>  C:\Users\enrique\.m2\repository\org\glassfish\jersey\inject\jersey-hk2\2.35\jersey-hk2-2.35.jar
12:44:12,769 (main) DEBUG [DataNucleus.Enhancer] - >>  C:\Users\enrique\.m2\repository\org\glassfish\hk2\hk2-locator\2.6.1\hk2-locator-2.6.1.jar
12:44:12,769 (main) DEBUG [DataNucleus.Enhancer] - >>  C:\Users\enrique\.m2\repository\org\glassfish\hk2\external\aopalliance-repackaged\2.6.1\aopalliance-repackaged-2.6.1.jar
12:44:12,769 (main) DEBUG [DataNucleus.Enhancer] - >>  C:\Users\enrique\.m2\repository\org\glassfish\hk2\hk2-api\2.6.1\hk2-api-2.6.1.jar
12:44:12,769 (main) DEBUG [DataNucleus.Enhancer] - >>  C:\Users\enrique\.m2\repository\org\glassfish\hk2\hk2-utils\2.6.1\hk2-utils-2.6.1.jar
12:44:12,769 (main) DEBUG [DataNucleus.Enhancer] - >>  C:\Users\enrique\.m2\repository\org\javassist\javassist\3.25.0-GA\javassist-3.25.0-GA.jar
12:44:12,770 (main) DEBUG [DataNucleus.Enhancer] - >>  C:\Users\enrique\.m2\repository\org\glassfish\jersey\media\jersey-media-json-jackson\2.35\jersey-media-json-jackson-2.35.jar
12:44:12,770 (main) DEBUG [DataNucleus.Enhancer] - >>  C:\Users\enrique\.m2\repository\org\glassfish\jersey\ext\jersey-entity-filtering\2.35\jersey-entity-filtering-2.35.jar
12:44:12,770 (main) DEBUG [DataNucleus.Enhancer] - >>  C:\Users\enrique\.m2\repository\com\fasterxml\jackson\core\jackson-annotations\2.12.2\jackson-annotations-2.12.2.jar
12:44:12,770 (main) DEBUG [DataNucleus.Enhancer] - >>  C:\Users\enrique\.m2\repository\com\fasterxml\jackson\core\jackson-databind\2.12.2\jackson-databind-2.12.2.jar
12:44:12,771 (main) DEBUG [DataNucleus.Enhancer] - >>  C:\Users\enrique\.m2\repository\com\fasterxml\jackson\core\jackson-core\2.12.2\jackson-core-2.12.2.jar
12:44:12,771 (main) DEBUG [DataNucleus.Enhancer] - >>  C:\Users\enrique\.m2\repository\com\fasterxml\jackson\module\jackson-module-jaxb-annotations\2.12.2\jackson-module-jaxb-annotations-2.12.2.jar
12:44:12,771 (main) DEBUG [DataNucleus.Enhancer] - >>  C:\Users\enrique\.m2\repository\jakarta\xml\bind\jakarta.xml.bind-api\2.3.2\jakarta.xml.bind-api-2.3.2.jar
12:44:12,772 (main) DEBUG [DataNucleus.Enhancer] - >>  C:\Users\enrique\.m2\repository\jakarta\activation\jakarta.activation-api\1.2.1\jakarta.activation-api-1.2.1.jar
12:44:12,772 (main) DEBUG [DataNucleus.Enhancer] - Reading fileListFile: C:\Users\enrique\AppData\Local\Temp\enhancer-426855239064013728.flf
12:44:12,777 (main) DEBUG [DataNucleus.Enhancer] - Enhancing classes
12:44:12,801 (main) DEBUG [DataNucleus.MetaData] - MetaData Management : Carga de Metadata de las clases "[es.deusto.spq.client.ExampleClient, es.deusto.spq.pojo.DirectMessage, es.deusto.spq.pojo.MessageData, es.deusto.spq.pojo.UserData, es.deusto.spq.server.Armarios, es.deusto.spq.server.Banio, es.deusto.spq.server.BaseDatos, es.deusto.spq.server.Camas, es.deusto.spq.server.Carrito, es.deusto.spq.server.Espejo, es.deusto.spq.server.jdo.Message, es.deusto.spq.server.jdo.User, es.deusto.spq.server.Principal, es.deusto.spq.server.Producto, es.deusto.spq.server.Resource, es.deusto.spq.server.Sillas, es.deusto.spq.server.Televisiones, es.deusto.spq.server.TipoArmario, es.deusto.spq.server.TipoBanio, es.deusto.spq.server.TipoCamas, es.deusto.spq.server.TipoEspejo, es.deusto.spq.server.TipoSillas, es.deusto.spq.server.TipoTV, es.deusto.spq.server.Usuario]" ...
12:44:12,818 (main) DEBUG [DataNucleus.MetaData] - No encontramos el MetaData del tipo "jdo" por la clase "es.deusto.spq.client.ExampleClient" en /META-INF/package.jdo
12:44:12,819 (main) DEBUG [DataNucleus.MetaData] - No encontramos el MetaData del tipo "jdo" por la clase "es.deusto.spq.client.ExampleClient" en /WEB-INF/package.jdo
12:44:12,819 (main) DEBUG [DataNucleus.MetaData] - No encontramos el MetaData del tipo "jdo" por la clase "es.deusto.spq.client.ExampleClient" en /package.jdo
12:44:12,819 (main) DEBUG [DataNucleus.MetaData] - No encontramos el MetaData del tipo "jdo" por la clase "es.deusto.spq.client.ExampleClient" en /es/package.jdo
12:44:12,820 (main) DEBUG [DataNucleus.MetaData] - No encontramos el MetaData del tipo "jdo" por la clase "es.deusto.spq.client.ExampleClient" en /es/deusto/package.jdo
12:44:12,820 (main) DEBUG [DataNucleus.MetaData] - No encontramos el MetaData del tipo "jdo" por la clase "es.deusto.spq.client.ExampleClient" en /es/deusto/spq/package.jdo
12:44:12,823 (main) DEBUG [DataNucleus.MetaData] - No encontramos el MetaData del tipo "jdo" por la clase "es.deusto.spq.client.ExampleClient" en /es/deusto/spq/client/package.jdo
12:44:12,824 (main) DEBUG [DataNucleus.MetaData] - No encontramos el MetaData del tipo "jdo" por la clase "es.deusto.spq.client.ExampleClient" en /es/deusto/spq/client/ExampleClient.jdo
12:44:12,825 (main) DEBUG [DataNucleus.MetaData] - No hemos encontrado el MetaData del tipo "jdo" por la clase "es.deusto.spq.client.ExampleClient"
12:44:12,826 (main) DEBUG [DataNucleus.MetaData] - Registrando la clase "es.deusto.spq.client.ExampleClient" no tener Meta-Data
12:44:12,828 (main) DEBUG [DataNucleus.MetaData] - La clase "es.deusto.spq.client.ExampleClient" no tiene MetaData o annotaciones.
12:44:12,831 (main) DEBUG [DataNucleus.MetaData] - No encontramos el MetaData del tipo "jdo" por la clase "es.deusto.spq.pojo.DirectMessage" en /META-INF/package.jdo
12:44:12,831 (main) DEBUG [DataNucleus.MetaData] - No encontramos el MetaData del tipo "jdo" por la clase "es.deusto.spq.pojo.DirectMessage" en /WEB-INF/package.jdo
12:44:12,832 (main) DEBUG [DataNucleus.MetaData] - No encontramos el MetaData del tipo "jdo" por la clase "es.deusto.spq.pojo.DirectMessage" en /package.jdo
12:44:12,832 (main) DEBUG [DataNucleus.MetaData] - No encontramos el MetaData del tipo "jdo" por la clase "es.deusto.spq.pojo.DirectMessage" en /es/package.jdo
12:44:12,833 (main) DEBUG [DataNucleus.MetaData] - No encontramos el MetaData del tipo "jdo" por la clase "es.deusto.spq.pojo.DirectMessage" en /es/deusto/package.jdo
12:44:12,833 (main) DEBUG [DataNucleus.MetaData] - No encontramos el MetaData del tipo "jdo" por la clase "es.deusto.spq.pojo.DirectMessage" en /es/deusto/spq/package.jdo
12:44:12,833 (main) DEBUG [DataNucleus.MetaData] - No encontramos el MetaData del tipo "jdo" por la clase "es.deusto.spq.pojo.DirectMessage" en /es/deusto/spq/pojo/package.jdo
12:44:12,835 (main) DEBUG [DataNucleus.MetaData] - No encontramos el MetaData del tipo "jdo" por la clase "es.deusto.spq.pojo.DirectMessage" en /es/deusto/spq/pojo/DirectMessage.jdo
12:44:12,835 (main) DEBUG [DataNucleus.MetaData] - No hemos encontrado el MetaData del tipo "jdo" por la clase "es.deusto.spq.pojo.DirectMessage"
12:44:12,835 (main) DEBUG [DataNucleus.MetaData] - Registrando la clase "es.deusto.spq.pojo.DirectMessage" no tener Meta-Data
12:44:12,835 (main) DEBUG [DataNucleus.MetaData] - La clase "es.deusto.spq.pojo.DirectMessage" no tiene MetaData o annotaciones.
12:44:12,838 (main) DEBUG [DataNucleus.MetaData] - No encontramos el MetaData del tipo "jdo" por la clase "es.deusto.spq.pojo.MessageData" en /META-INF/package.jdo
12:44:12,839 (main) DEBUG [DataNucleus.MetaData] - No encontramos el MetaData del tipo "jdo" por la clase "es.deusto.spq.pojo.MessageData" en /WEB-INF/package.jdo
12:44:12,839 (main) DEBUG [DataNucleus.MetaData] - No encontramos el MetaData del tipo "jdo" por la clase "es.deusto.spq.pojo.MessageData" en /package.jdo
12:44:12,840 (main) DEBUG [DataNucleus.MetaData] - No encontramos el MetaData del tipo "jdo" por la clase "es.deusto.spq.pojo.MessageData" en /es/package.jdo
12:44:12,841 (main) DEBUG [DataNucleus.MetaData] - No encontramos el MetaData del tipo "jdo" por la clase "es.deusto.spq.pojo.MessageData" en /es/deusto/package.jdo
12:44:12,842 (main) DEBUG [DataNucleus.MetaData] - No encontramos el MetaData del tipo "jdo" por la clase "es.deusto.spq.pojo.MessageData" en /es/deusto/spq/package.jdo
12:44:12,843 (main) DEBUG [DataNucleus.MetaData] - No encontramos el MetaData del tipo "jdo" por la clase "es.deusto.spq.pojo.MessageData" en /es/deusto/spq/pojo/package.jdo
12:44:12,843 (main) DEBUG [DataNucleus.MetaData] - No encontramos el MetaData del tipo "jdo" por la clase "es.deusto.spq.pojo.MessageData" en /es/deusto/spq/pojo/MessageData.jdo
12:44:12,843 (main) DEBUG [DataNucleus.MetaData] - No hemos encontrado el MetaData del tipo "jdo" por la clase "es.deusto.spq.pojo.MessageData"
12:44:12,843 (main) DEBUG [DataNucleus.MetaData] - Registrando la clase "es.deusto.spq.pojo.MessageData" no tener Meta-Data
12:44:12,843 (main) DEBUG [DataNucleus.MetaData] - La clase "es.deusto.spq.pojo.MessageData" no tiene MetaData o annotaciones.
12:44:12,845 (main) DEBUG [DataNucleus.MetaData] - No encontramos el MetaData del tipo "jdo" por la clase "es.deusto.spq.pojo.UserData" en /META-INF/package.jdo
12:44:12,847 (main) DEBUG [DataNucleus.MetaData] - No encontramos el MetaData del tipo "jdo" por la clase "es.deusto.spq.pojo.UserData" en /WEB-INF/package.jdo
12:44:12,847 (main) DEBUG [DataNucleus.MetaData] - No encontramos el MetaData del tipo "jdo" por la clase "es.deusto.spq.pojo.UserData" en /package.jdo
12:44:12,848 (main) DEBUG [DataNucleus.MetaData] - No encontramos el MetaData del tipo "jdo" por la clase "es.deusto.spq.pojo.UserData" en /es/package.jdo
12:44:12,848 (main) DEBUG [DataNucleus.MetaData] - No encontramos el MetaData del tipo "jdo" por la clase "es.deusto.spq.pojo.UserData" en /es/deusto/package.jdo
12:44:12,848 (main) DEBUG [DataNucleus.MetaData] - No encontramos el MetaData del tipo "jdo" por la clase "es.deusto.spq.pojo.UserData" en /es/deusto/spq/package.jdo
12:44:12,849 (main) DEBUG [DataNucleus.MetaData] - No encontramos el MetaData del tipo "jdo" por la clase "es.deusto.spq.pojo.UserData" en /es/deusto/spq/pojo/package.jdo
12:44:12,849 (main) DEBUG [DataNucleus.MetaData] - No encontramos el MetaData del tipo "jdo" por la clase "es.deusto.spq.pojo.UserData" en /es/deusto/spq/pojo/UserData.jdo
12:44:12,849 (main) DEBUG [DataNucleus.MetaData] - No hemos encontrado el MetaData del tipo "jdo" por la clase "es.deusto.spq.pojo.UserData"
12:44:12,849 (main) DEBUG [DataNucleus.MetaData] - Registrando la clase "es.deusto.spq.pojo.UserData" no tener Meta-Data
12:44:12,849 (main) DEBUG [DataNucleus.MetaData] - La clase "es.deusto.spq.pojo.UserData" no tiene MetaData o annotaciones.
12:44:12,853 (main) DEBUG [DataNucleus.MetaData] - No encontramos el MetaData del tipo "jdo" por la clase "es.deusto.spq.server.Armarios" en /META-INF/package.jdo
12:44:12,853 (main) DEBUG [DataNucleus.MetaData] - No encontramos el MetaData del tipo "jdo" por la clase "es.deusto.spq.server.Armarios" en /WEB-INF/package.jdo
12:44:12,853 (main) DEBUG [DataNucleus.MetaData] - No encontramos el MetaData del tipo "jdo" por la clase "es.deusto.spq.server.Armarios" en /package.jdo
12:44:12,854 (main) DEBUG [DataNucleus.MetaData] - No encontramos el MetaData del tipo "jdo" por la clase "es.deusto.spq.server.Armarios" en /es/package.jdo
12:44:12,854 (main) DEBUG [DataNucleus.MetaData] - No encontramos el MetaData del tipo "jdo" por la clase "es.deusto.spq.server.Armarios" en /es/deusto/package.jdo
12:44:12,855 (main) DEBUG [DataNucleus.MetaData] - No encontramos el MetaData del tipo "jdo" por la clase "es.deusto.spq.server.Armarios" en /es/deusto/spq/package.jdo
12:44:12,855 (main) DEBUG [DataNucleus.MetaData] - No encontramos el MetaData del tipo "jdo" por la clase "es.deusto.spq.server.Armarios" en /es/deusto/spq/server/package.jdo
12:44:12,856 (main) DEBUG [DataNucleus.MetaData] - No encontramos el MetaData del tipo "jdo" por la clase "es.deusto.spq.server.Armarios" en /es/deusto/spq/server/Armarios.jdo
12:44:12,856 (main) DEBUG [DataNucleus.MetaData] - No hemos encontrado el MetaData del tipo "jdo" por la clase "es.deusto.spq.server.Armarios"
12:44:12,856 (main) DEBUG [DataNucleus.MetaData] - Registrando la clase "es.deusto.spq.server.Armarios" no tener Meta-Data
12:44:12,856 (main) DEBUG [DataNucleus.MetaData] - La clase "es.deusto.spq.server.Armarios" no tiene MetaData o annotaciones.
12:44:12,858 (main) DEBUG [DataNucleus.MetaData] - No encontramos el MetaData del tipo "jdo" por la clase "es.deusto.spq.server.Banio" en /META-INF/package.jdo
12:44:12,858 (main) DEBUG [DataNucleus.MetaData] - No encontramos el MetaData del tipo "jdo" por la clase "es.deusto.spq.server.Banio" en /WEB-INF/package.jdo
12:44:12,859 (main) DEBUG [DataNucleus.MetaData] - No encontramos el MetaData del tipo "jdo" por la clase "es.deusto.spq.server.Banio" en /package.jdo
12:44:12,859 (main) DEBUG [DataNucleus.MetaData] - No encontramos el MetaData del tipo "jdo" por la clase "es.deusto.spq.server.Banio" en /es/package.jdo
12:44:12,859 (main) DEBUG [DataNucleus.MetaData] - No encontramos el MetaData del tipo "jdo" por la clase "es.deusto.spq.server.Banio" en /es/deusto/package.jdo
12:44:12,860 (main) DEBUG [DataNucleus.MetaData] - No encontramos el MetaData del tipo "jdo" por la clase "es.deusto.spq.server.Banio" en /es/deusto/spq/package.jdo
12:44:12,860 (main) DEBUG [DataNucleus.MetaData] - No encontramos el MetaData del tipo "jdo" por la clase "es.deusto.spq.server.Banio" en /es/deusto/spq/server/package.jdo
12:44:12,861 (main) DEBUG [DataNucleus.MetaData] - No encontramos el MetaData del tipo "jdo" por la clase "es.deusto.spq.server.Banio" en /es/deusto/spq/server/Banio.jdo
12:44:12,861 (main) DEBUG [DataNucleus.MetaData] - No hemos encontrado el MetaData del tipo "jdo" por la clase "es.deusto.spq.server.Banio"
12:44:12,861 (main) DEBUG [DataNucleus.MetaData] - Registrando la clase "es.deusto.spq.server.Banio" no tener Meta-Data
12:44:12,861 (main) DEBUG [DataNucleus.MetaData] - La clase "es.deusto.spq.server.Banio" no tiene MetaData o annotaciones.
12:44:12,863 (main) DEBUG [DataNucleus.MetaData] - No encontramos el MetaData del tipo "jdo" por la clase "es.deusto.spq.server.BaseDatos" en /META-INF/package.jdo
12:44:12,865 (main) DEBUG [DataNucleus.MetaData] - No encontramos el MetaData del tipo "jdo" por la clase "es.deusto.spq.server.BaseDatos" en /WEB-INF/package.jdo
12:44:12,865 (main) DEBUG [DataNucleus.MetaData] - No encontramos el MetaData del tipo "jdo" por la clase "es.deusto.spq.server.BaseDatos" en /package.jdo
12:44:12,865 (main) DEBUG [DataNucleus.MetaData] - No encontramos el MetaData del tipo "jdo" por la clase "es.deusto.spq.server.BaseDatos" en /es/package.jdo
12:44:12,866 (main) DEBUG [DataNucleus.MetaData] - No encontramos el MetaData del tipo "jdo" por la clase "es.deusto.spq.server.BaseDatos" en /es/deusto/package.jdo
12:44:12,866 (main) DEBUG [DataNucleus.MetaData] - No encontramos el MetaData del tipo "jdo" por la clase "es.deusto.spq.server.BaseDatos" en /es/deusto/spq/package.jdo
12:44:12,866 (main) DEBUG [DataNucleus.MetaData] - No encontramos el MetaData del tipo "jdo" por la clase "es.deusto.spq.server.BaseDatos" en /es/deusto/spq/server/package.jdo
12:44:12,867 (main) DEBUG [DataNucleus.MetaData] - No encontramos el MetaData del tipo "jdo" por la clase "es.deusto.spq.server.BaseDatos" en /es/deusto/spq/server/BaseDatos.jdo
12:44:12,867 (main) DEBUG [DataNucleus.MetaData] - No hemos encontrado el MetaData del tipo "jdo" por la clase "es.deusto.spq.server.BaseDatos"
12:44:12,867 (main) DEBUG [DataNucleus.MetaData] - Registrando la clase "es.deusto.spq.server.BaseDatos" no tener Meta-Data
12:44:12,867 (main) DEBUG [DataNucleus.MetaData] - La clase "es.deusto.spq.server.BaseDatos" no tiene MetaData o annotaciones.
12:44:12,869 (main) DEBUG [DataNucleus.MetaData] - No encontramos el MetaData del tipo "jdo" por la clase "es.deusto.spq.server.Camas" en /META-INF/package.jdo
12:44:12,869 (main) DEBUG [DataNucleus.MetaData] - No encontramos el MetaData del tipo "jdo" por la clase "es.deusto.spq.server.Camas" en /WEB-INF/package.jdo
12:44:12,869 (main) DEBUG [DataNucleus.MetaData] - No encontramos el MetaData del tipo "jdo" por la clase "es.deusto.spq.server.Camas" en /package.jdo
12:44:12,869 (main) DEBUG [DataNucleus.MetaData] - No encontramos el MetaData del tipo "jdo" por la clase "es.deusto.spq.server.Camas" en /es/package.jdo
12:44:12,870 (main) DEBUG [DataNucleus.MetaData] - No encontramos el MetaData del tipo "jdo" por la clase "es.deusto.spq.server.Camas" en /es/deusto/package.jdo
12:44:12,870 (main) DEBUG [DataNucleus.MetaData] - No encontramos el MetaData del tipo "jdo" por la clase "es.deusto.spq.server.Camas" en /es/deusto/spq/package.jdo
12:44:12,871 (main) DEBUG [DataNucleus.MetaData] - No encontramos el MetaData del tipo "jdo" por la clase "es.deusto.spq.server.Camas" en /es/deusto/spq/server/package.jdo
12:44:12,871 (main) DEBUG [DataNucleus.MetaData] - No encontramos el MetaData del tipo "jdo" por la clase "es.deusto.spq.server.Camas" en /es/deusto/spq/server/Camas.jdo
12:44:12,871 (main) DEBUG [DataNucleus.MetaData] - No hemos encontrado el MetaData del tipo "jdo" por la clase "es.deusto.spq.server.Camas"
12:44:12,871 (main) DEBUG [DataNucleus.MetaData] - Registrando la clase "es.deusto.spq.server.Camas" no tener Meta-Data
12:44:12,871 (main) DEBUG [DataNucleus.MetaData] - La clase "es.deusto.spq.server.Camas" no tiene MetaData o annotaciones.
12:44:12,873 (main) DEBUG [DataNucleus.MetaData] - No encontramos el MetaData del tipo "jdo" por la clase "es.deusto.spq.server.Carrito" en /META-INF/package.jdo
12:44:12,873 (main) DEBUG [DataNucleus.MetaData] - No encontramos el MetaData del tipo "jdo" por la clase "es.deusto.spq.server.Carrito" en /WEB-INF/package.jdo
12:44:12,873 (main) DEBUG [DataNucleus.MetaData] - No encontramos el MetaData del tipo "jdo" por la clase "es.deusto.spq.server.Carrito" en /package.jdo
12:44:12,873 (main) DEBUG [DataNucleus.MetaData] - No encontramos el MetaData del tipo "jdo" por la clase "es.deusto.spq.server.Carrito" en /es/package.jdo
12:44:12,874 (main) DEBUG [DataNucleus.MetaData] - No encontramos el MetaData del tipo "jdo" por la clase "es.deusto.spq.server.Carrito" en /es/deusto/package.jdo
12:44:12,875 (main) DEBUG [DataNucleus.MetaData] - No encontramos el MetaData del tipo "jdo" por la clase "es.deusto.spq.server.Carrito" en /es/deusto/spq/package.jdo
12:44:12,877 (main) DEBUG [DataNucleus.MetaData] - No encontramos el MetaData del tipo "jdo" por la clase "es.deusto.spq.server.Carrito" en /es/deusto/spq/server/package.jdo
12:44:12,878 (main) DEBUG [DataNucleus.MetaData] - No encontramos el MetaData del tipo "jdo" por la clase "es.deusto.spq.server.Carrito" en /es/deusto/spq/server/Carrito.jdo
12:44:12,878 (main) DEBUG [DataNucleus.MetaData] - No hemos encontrado el MetaData del tipo "jdo" por la clase "es.deusto.spq.server.Carrito"
12:44:12,878 (main) DEBUG [DataNucleus.MetaData] - Registrando la clase "es.deusto.spq.server.Carrito" no tener Meta-Data
12:44:12,878 (main) DEBUG [DataNucleus.MetaData] - La clase "es.deusto.spq.server.Carrito" no tiene MetaData o annotaciones.
12:44:12,881 (main) DEBUG [DataNucleus.MetaData] - No encontramos el MetaData del tipo "jdo" por la clase "es.deusto.spq.server.Espejo" en /META-INF/package.jdo
12:44:12,881 (main) DEBUG [DataNucleus.MetaData] - No encontramos el MetaData del tipo "jdo" por la clase "es.deusto.spq.server.Espejo" en /WEB-INF/package.jdo
12:44:12,881 (main) DEBUG [DataNucleus.MetaData] - No encontramos el MetaData del tipo "jdo" por la clase "es.deusto.spq.server.Espejo" en /package.jdo
12:44:12,882 (main) DEBUG [DataNucleus.MetaData] - No encontramos el MetaData del tipo "jdo" por la clase "es.deusto.spq.server.Espejo" en /es/package.jdo
12:44:12,882 (main) DEBUG [DataNucleus.MetaData] - No encontramos el MetaData del tipo "jdo" por la clase "es.deusto.spq.server.Espejo" en /es/deusto/package.jdo
12:44:12,882 (main) DEBUG [DataNucleus.MetaData] - No encontramos el MetaData del tipo "jdo" por la clase "es.deusto.spq.server.Espejo" en /es/deusto/spq/package.jdo
12:44:12,882 (main) DEBUG [DataNucleus.MetaData] - No encontramos el MetaData del tipo "jdo" por la clase "es.deusto.spq.server.Espejo" en /es/deusto/spq/server/package.jdo
12:44:12,883 (main) DEBUG [DataNucleus.MetaData] - No encontramos el MetaData del tipo "jdo" por la clase "es.deusto.spq.server.Espejo" en /es/deusto/spq/server/Espejo.jdo
12:44:12,883 (main) DEBUG [DataNucleus.MetaData] - No hemos encontrado el MetaData del tipo "jdo" por la clase "es.deusto.spq.server.Espejo"
12:44:12,883 (main) DEBUG [DataNucleus.MetaData] - Registrando la clase "es.deusto.spq.server.Espejo" no tener Meta-Data
12:44:12,883 (main) DEBUG [DataNucleus.MetaData] - La clase "es.deusto.spq.server.Espejo" no tiene MetaData o annotaciones.
12:44:12,926 (main) DEBUG [DataNucleus.MetaData] - Clase "es.deusto.spq.server.jdo.Message" tiene anotaciones de JDO y vamos a usarlas.
12:44:12,927 (main) DEBUG [DataNucleus.MetaData] - Clase "es.deusto.spq.server.jdo.User" tiene anotaciones de JDO y vamos a usarlas.
12:44:12,949 (main) DEBUG [DataNucleus.MetaData] - No encontramos el MetaData del tipo "jdo" por la clase "es.deusto.spq.server.Principal" en /META-INF/package.jdo
12:44:12,950 (main) DEBUG [DataNucleus.MetaData] - No encontramos el MetaData del tipo "jdo" por la clase "es.deusto.spq.server.Principal" en /WEB-INF/package.jdo
12:44:12,950 (main) DEBUG [DataNucleus.MetaData] - No encontramos el MetaData del tipo "jdo" por la clase "es.deusto.spq.server.Principal" en /package.jdo
12:44:12,950 (main) DEBUG [DataNucleus.MetaData] - No encontramos el MetaData del tipo "jdo" por la clase "es.deusto.spq.server.Principal" en /es/package.jdo
12:44:12,950 (main) DEBUG [DataNucleus.MetaData] - No encontramos el MetaData del tipo "jdo" por la clase "es.deusto.spq.server.Principal" en /es/deusto/package.jdo
12:44:12,951 (main) DEBUG [DataNucleus.MetaData] - No encontramos el MetaData del tipo "jdo" por la clase "es.deusto.spq.server.Principal" en /es/deusto/spq/package.jdo
12:44:12,951 (main) DEBUG [DataNucleus.MetaData] - No encontramos el MetaData del tipo "jdo" por la clase "es.deusto.spq.server.Principal" en /es/deusto/spq/server/package.jdo
12:44:12,951 (main) DEBUG [DataNucleus.MetaData] - No encontramos el MetaData del tipo "jdo" por la clase "es.deusto.spq.server.Principal" en /es/deusto/spq/server/Principal.jdo
12:44:12,951 (main) DEBUG [DataNucleus.MetaData] - No hemos encontrado el MetaData del tipo "jdo" por la clase "es.deusto.spq.server.Principal"
12:44:12,951 (main) DEBUG [DataNucleus.MetaData] - Registrando la clase "es.deusto.spq.server.Principal" no tener Meta-Data
12:44:12,951 (main) DEBUG [DataNucleus.MetaData] - La clase "es.deusto.spq.server.Principal" no tiene MetaData o annotaciones.
12:44:12,952 (main) DEBUG [DataNucleus.MetaData] - No encontramos el MetaData del tipo "jdo" por la clase "es.deusto.spq.server.Producto" en /META-INF/package.jdo
12:44:12,952 (main) DEBUG [DataNucleus.MetaData] - No encontramos el MetaData del tipo "jdo" por la clase "es.deusto.spq.server.Producto" en /WEB-INF/package.jdo
12:44:12,952 (main) DEBUG [DataNucleus.MetaData] - No encontramos el MetaData del tipo "jdo" por la clase "es.deusto.spq.server.Producto" en /package.jdo
12:44:12,953 (main) DEBUG [DataNucleus.MetaData] - No encontramos el MetaData del tipo "jdo" por la clase "es.deusto.spq.server.Producto" en /es/package.jdo
12:44:12,953 (main) DEBUG [DataNucleus.MetaData] - No encontramos el MetaData del tipo "jdo" por la clase "es.deusto.spq.server.Producto" en /es/deusto/package.jdo
12:44:12,953 (main) DEBUG [DataNucleus.MetaData] - No encontramos el MetaData del tipo "jdo" por la clase "es.deusto.spq.server.Producto" en /es/deusto/spq/package.jdo
12:44:12,954 (main) DEBUG [DataNucleus.MetaData] - No encontramos el MetaData del tipo "jdo" por la clase "es.deusto.spq.server.Producto" en /es/deusto/spq/server/package.jdo
12:44:12,954 (main) DEBUG [DataNucleus.MetaData] - No encontramos el MetaData del tipo "jdo" por la clase "es.deusto.spq.server.Producto" en /es/deusto/spq/server/Producto.jdo
12:44:12,954 (main) DEBUG [DataNucleus.MetaData] - No hemos encontrado el MetaData del tipo "jdo" por la clase "es.deusto.spq.server.Producto"
12:44:12,955 (main) DEBUG [DataNucleus.MetaData] - Registrando la clase "es.deusto.spq.server.Producto" no tener Meta-Data
12:44:12,955 (main) DEBUG [DataNucleus.MetaData] - La clase "es.deusto.spq.server.Producto" no tiene MetaData o annotaciones.
12:44:12,962 (main) DEBUG [DataNucleus.MetaData] - Clase "es.deusto.spq.server.Resource" tiene anotaciones pero no hay ningún AnnotationReader registrado para este tipo de anotaciones. Por favor compruebe el CLASSPATH y las anotaciones para validez.
12:44:12,962 (main) DEBUG [DataNucleus.MetaData] - No encontramos el MetaData del tipo "jdo" por la clase "es.deusto.spq.server.Resource" en /META-INF/package.jdo
12:44:12,962 (main) DEBUG [DataNucleus.MetaData] - No encontramos el MetaData del tipo "jdo" por la clase "es.deusto.spq.server.Resource" en /WEB-INF/package.jdo
12:44:12,963 (main) DEBUG [DataNucleus.MetaData] - No encontramos el MetaData del tipo "jdo" por la clase "es.deusto.spq.server.Resource" en /package.jdo
12:44:12,963 (main) DEBUG [DataNucleus.MetaData] - No encontramos el MetaData del tipo "jdo" por la clase "es.deusto.spq.server.Resource" en /es/package.jdo
12:44:12,963 (main) DEBUG [DataNucleus.MetaData] - No encontramos el MetaData del tipo "jdo" por la clase "es.deusto.spq.server.Resource" en /es/deusto/package.jdo
12:44:12,964 (main) DEBUG [DataNucleus.MetaData] - No encontramos el MetaData del tipo "jdo" por la clase "es.deusto.spq.server.Resource" en /es/deusto/spq/package.jdo
12:44:12,964 (main) DEBUG [DataNucleus.MetaData] - No encontramos el MetaData del tipo "jdo" por la clase "es.deusto.spq.server.Resource" en /es/deusto/spq/server/package.jdo
12:44:12,965 (main) DEBUG [DataNucleus.MetaData] - No encontramos el MetaData del tipo "jdo" por la clase "es.deusto.spq.server.Resource" en /es/deusto/spq/server/Resource.jdo
12:44:12,965 (main) DEBUG [DataNucleus.MetaData] - No hemos encontrado el MetaData del tipo "jdo" por la clase "es.deusto.spq.server.Resource"
12:44:12,965 (main) DEBUG [DataNucleus.MetaData] - Clase "es.deusto.spq.server.Resource" tiene anotaciones pero no hay ningún AnnotationReader registrado para este tipo de anotaciones. Por favor compruebe el CLASSPATH y las anotaciones para validez.
12:44:12,965 (main) DEBUG [DataNucleus.MetaData] - Registrando la clase "es.deusto.spq.server.Resource" no tener Meta-Data
12:44:12,965 (main) DEBUG [DataNucleus.MetaData] - La clase "es.deusto.spq.server.Resource" no tiene MetaData o annotaciones.
12:44:12,966 (main) DEBUG [DataNucleus.MetaData] - No encontramos el MetaData del tipo "jdo" por la clase "es.deusto.spq.server.Sillas" en /META-INF/package.jdo
12:44:12,966 (main) DEBUG [DataNucleus.MetaData] - No encontramos el MetaData del tipo "jdo" por la clase "es.deusto.spq.server.Sillas" en /WEB-INF/package.jdo
12:44:12,967 (main) DEBUG [DataNucleus.MetaData] - No encontramos el MetaData del tipo "jdo" por la clase "es.deusto.spq.server.Sillas" en /package.jdo
12:44:12,967 (main) DEBUG [DataNucleus.MetaData] - No encontramos el MetaData del tipo "jdo" por la clase "es.deusto.spq.server.Sillas" en /es/package.jdo
12:44:12,967 (main) DEBUG [DataNucleus.MetaData] - No encontramos el MetaData del tipo "jdo" por la clase "es.deusto.spq.server.Sillas" en /es/deusto/package.jdo
12:44:12,967 (main) DEBUG [DataNucleus.MetaData] - No encontramos el MetaData del tipo "jdo" por la clase "es.deusto.spq.server.Sillas" en /es/deusto/spq/package.jdo
12:44:12,967 (main) DEBUG [DataNucleus.MetaData] - No encontramos el MetaData del tipo "jdo" por la clase "es.deusto.spq.server.Sillas" en /es/deusto/spq/server/package.jdo
12:44:12,967 (main) DEBUG [DataNucleus.MetaData] - No encontramos el MetaData del tipo "jdo" por la clase "es.deusto.spq.server.Sillas" en /es/deusto/spq/server/Sillas.jdo
12:44:12,968 (main) DEBUG [DataNucleus.MetaData] - No hemos encontrado el MetaData del tipo "jdo" por la clase "es.deusto.spq.server.Sillas"
12:44:12,968 (main) DEBUG [DataNucleus.MetaData] - Registrando la clase "es.deusto.spq.server.Sillas" no tener Meta-Data
12:44:12,968 (main) DEBUG [DataNucleus.MetaData] - La clase "es.deusto.spq.server.Sillas" no tiene MetaData o annotaciones.
12:44:12,969 (main) DEBUG [DataNucleus.MetaData] - No encontramos el MetaData del tipo "jdo" por la clase "es.deusto.spq.server.Televisiones" en /META-INF/package.jdo
12:44:12,969 (main) DEBUG [DataNucleus.MetaData] - No encontramos el MetaData del tipo "jdo" por la clase "es.deusto.spq.server.Televisiones" en /WEB-INF/package.jdo
12:44:12,970 (main) DEBUG [DataNucleus.MetaData] - No encontramos el MetaData del tipo "jdo" por la clase "es.deusto.spq.server.Televisiones" en /package.jdo
12:44:12,970 (main) DEBUG [DataNucleus.MetaData] - No encontramos el MetaData del tipo "jdo" por la clase "es.deusto.spq.server.Televisiones" en /es/package.jdo
12:44:12,970 (main) DEBUG [DataNucleus.MetaData] - No encontramos el MetaData del tipo "jdo" por la clase "es.deusto.spq.server.Televisiones" en /es/deusto/package.jdo
12:44:12,971 (main) DEBUG [DataNucleus.MetaData] - No encontramos el MetaData del tipo "jdo" por la clase "es.deusto.spq.server.Televisiones" en /es/deusto/spq/package.jdo
12:44:12,971 (main) DEBUG [DataNucleus.MetaData] - No encontramos el MetaData del tipo "jdo" por la clase "es.deusto.spq.server.Televisiones" en /es/deusto/spq/server/package.jdo
12:44:12,971 (main) DEBUG [DataNucleus.MetaData] - No encontramos el MetaData del tipo "jdo" por la clase "es.deusto.spq.server.Televisiones" en /es/deusto/spq/server/Televisiones.jdo
12:44:12,971 (main) DEBUG [DataNucleus.MetaData] - No hemos encontrado el MetaData del tipo "jdo" por la clase "es.deusto.spq.server.Televisiones"
12:44:12,971 (main) DEBUG [DataNucleus.MetaData] - Registrando la clase "es.deusto.spq.server.Televisiones" no tener Meta-Data
12:44:12,972 (main) DEBUG [DataNucleus.MetaData] - La clase "es.deusto.spq.server.Televisiones" no tiene MetaData o annotaciones.
12:44:12,973 (main) DEBUG [DataNucleus.MetaData] - No encontramos el MetaData del tipo "jdo" por la clase "es.deusto.spq.server.TipoArmario" en /META-INF/package.jdo
12:44:12,973 (main) DEBUG [DataNucleus.MetaData] - No encontramos el MetaData del tipo "jdo" por la clase "es.deusto.spq.server.TipoArmario" en /WEB-INF/package.jdo
12:44:12,973 (main) DEBUG [DataNucleus.MetaData] - No encontramos el MetaData del tipo "jdo" por la clase "es.deusto.spq.server.TipoArmario" en /package.jdo
12:44:12,974 (main) DEBUG [DataNucleus.MetaData] - No encontramos el MetaData del tipo "jdo" por la clase "es.deusto.spq.server.TipoArmario" en /es/package.jdo
12:44:12,975 (main) DEBUG [DataNucleus.MetaData] - No encontramos el MetaData del tipo "jdo" por la clase "es.deusto.spq.server.TipoArmario" en /es/deusto/package.jdo
12:44:12,975 (main) DEBUG [DataNucleus.MetaData] - No encontramos el MetaData del tipo "jdo" por la clase "es.deusto.spq.server.TipoArmario" en /es/deusto/spq/package.jdo
12:44:12,975 (main) DEBUG [DataNucleus.MetaData] - No encontramos el MetaData del tipo "jdo" por la clase "es.deusto.spq.server.TipoArmario" en /es/deusto/spq/server/package.jdo
12:44:12,976 (main) DEBUG [DataNucleus.MetaData] - No encontramos el MetaData del tipo "jdo" por la clase "es.deusto.spq.server.TipoArmario" en /es/deusto/spq/server/TipoArmario.jdo
12:44:12,976 (main) DEBUG [DataNucleus.MetaData] - No hemos encontrado el MetaData del tipo "jdo" por la clase "es.deusto.spq.server.TipoArmario"
12:44:12,976 (main) DEBUG [DataNucleus.MetaData] - Registrando la clase "es.deusto.spq.server.TipoArmario" no tener Meta-Data
12:44:12,976 (main) DEBUG [DataNucleus.MetaData] - La clase "es.deusto.spq.server.TipoArmario" no tiene MetaData o annotaciones.
12:44:12,978 (main) DEBUG [DataNucleus.MetaData] - No encontramos el MetaData del tipo "jdo" por la clase "es.deusto.spq.server.TipoBanio" en /META-INF/package.jdo
12:44:12,978 (main) DEBUG [DataNucleus.MetaData] - No encontramos el MetaData del tipo "jdo" por la clase "es.deusto.spq.server.TipoBanio" en /WEB-INF/package.jdo
12:44:12,978 (main) DEBUG [DataNucleus.MetaData] - No encontramos el MetaData del tipo "jdo" por la clase "es.deusto.spq.server.TipoBanio" en /package.jdo
12:44:12,978 (main) DEBUG [DataNucleus.MetaData] - No encontramos el MetaData del tipo "jdo" por la clase "es.deusto.spq.server.TipoBanio" en /es/package.jdo
12:44:12,979 (main) DEBUG [DataNucleus.MetaData] - No encontramos el MetaData del tipo "jdo" por la clase "es.deusto.spq.server.TipoBanio" en /es/deusto/package.jdo
12:44:12,979 (main) DEBUG [DataNucleus.MetaData] - No encontramos el MetaData del tipo "jdo" por la clase "es.deusto.spq.server.TipoBanio" en /es/deusto/spq/package.jdo
12:44:12,979 (main) DEBUG [DataNucleus.MetaData] - No encontramos el MetaData del tipo "jdo" por la clase "es.deusto.spq.server.TipoBanio" en /es/deusto/spq/server/package.jdo
12:44:12,979 (main) DEBUG [DataNucleus.MetaData] - No encontramos el MetaData del tipo "jdo" por la clase "es.deusto.spq.server.TipoBanio" en /es/deusto/spq/server/TipoBanio.jdo
12:44:12,979 (main) DEBUG [DataNucleus.MetaData] - No hemos encontrado el MetaData del tipo "jdo" por la clase "es.deusto.spq.server.TipoBanio"
12:44:12,980 (main) DEBUG [DataNucleus.MetaData] - Registrando la clase "es.deusto.spq.server.TipoBanio" no tener Meta-Data
12:44:12,980 (main) DEBUG [DataNucleus.MetaData] - La clase "es.deusto.spq.server.TipoBanio" no tiene MetaData o annotaciones.
12:44:12,981 (main) DEBUG [DataNucleus.MetaData] - No encontramos el MetaData del tipo "jdo" por la clase "es.deusto.spq.server.TipoCamas" en /META-INF/package.jdo
12:44:12,981 (main) DEBUG [DataNucleus.MetaData] - No encontramos el MetaData del tipo "jdo" por la clase "es.deusto.spq.server.TipoCamas" en /WEB-INF/package.jdo
12:44:12,982 (main) DEBUG [DataNucleus.MetaData] - No encontramos el MetaData del tipo "jdo" por la clase "es.deusto.spq.server.TipoCamas" en /package.jdo
12:44:12,982 (main) DEBUG [DataNucleus.MetaData] - No encontramos el MetaData del tipo "jdo" por la clase "es.deusto.spq.server.TipoCamas" en /es/package.jdo
12:44:12,982 (main) DEBUG [DataNucleus.MetaData] - No encontramos el MetaData del tipo "jdo" por la clase "es.deusto.spq.server.TipoCamas" en /es/deusto/package.jdo
12:44:12,982 (main) DEBUG [DataNucleus.MetaData] - No encontramos el MetaData del tipo "jdo" por la clase "es.deusto.spq.server.TipoCamas" en /es/deusto/spq/package.jdo
12:44:12,983 (main) DEBUG [DataNucleus.MetaData] - No encontramos el MetaData del tipo "jdo" por la clase "es.deusto.spq.server.TipoCamas" en /es/deusto/spq/server/package.jdo
12:44:12,983 (main) DEBUG [DataNucleus.MetaData] - No encontramos el MetaData del tipo "jdo" por la clase "es.deusto.spq.server.TipoCamas" en /es/deusto/spq/server/TipoCamas.jdo
12:44:12,983 (main) DEBUG [DataNucleus.MetaData] - No hemos encontrado el MetaData del tipo "jdo" por la clase "es.deusto.spq.server.TipoCamas"
12:44:12,983 (main) DEBUG [DataNucleus.MetaData] - Registrando la clase "es.deusto.spq.server.TipoCamas" no tener Meta-Data
12:44:12,983 (main) DEBUG [DataNucleus.MetaData] - La clase "es.deusto.spq.server.TipoCamas" no tiene MetaData o annotaciones.
12:44:12,984 (main) DEBUG [DataNucleus.MetaData] - No encontramos el MetaData del tipo "jdo" por la clase "es.deusto.spq.server.TipoEspejo" en /META-INF/package.jdo
12:44:12,985 (main) DEBUG [DataNucleus.MetaData] - No encontramos el MetaData del tipo "jdo" por la clase "es.deusto.spq.server.TipoEspejo" en /WEB-INF/package.jdo
12:44:12,985 (main) DEBUG [DataNucleus.MetaData] - No encontramos el MetaData del tipo "jdo" por la clase "es.deusto.spq.server.TipoEspejo" en /package.jdo
12:44:12,985 (main) DEBUG [DataNucleus.MetaData] - No encontramos el MetaData del tipo "jdo" por la clase "es.deusto.spq.server.TipoEspejo" en /es/package.jdo
12:44:12,986 (main) DEBUG [DataNucleus.MetaData] - No encontramos el MetaData del tipo "jdo" por la clase "es.deusto.spq.server.TipoEspejo" en /es/deusto/package.jdo
12:44:12,986 (main) DEBUG [DataNucleus.MetaData] - No encontramos el MetaData del tipo "jdo" por la clase "es.deusto.spq.server.TipoEspejo" en /es/deusto/spq/package.jdo
12:44:12,986 (main) DEBUG [DataNucleus.MetaData] - No encontramos el MetaData del tipo "jdo" por la clase "es.deusto.spq.server.TipoEspejo" en /es/deusto/spq/server/package.jdo
12:44:12,986 (main) DEBUG [DataNucleus.MetaData] - No encontramos el MetaData del tipo "jdo" por la clase "es.deusto.spq.server.TipoEspejo" en /es/deusto/spq/server/TipoEspejo.jdo
12:44:12,986 (main) DEBUG [DataNucleus.MetaData] - No hemos encontrado el MetaData del tipo "jdo" por la clase "es.deusto.spq.server.TipoEspejo"
12:44:12,986 (main) DEBUG [DataNucleus.MetaData] - Registrando la clase "es.deusto.spq.server.TipoEspejo" no tener Meta-Data
12:44:12,987 (main) DEBUG [DataNucleus.MetaData] - La clase "es.deusto.spq.server.TipoEspejo" no tiene MetaData o annotaciones.
12:44:12,989 (main) DEBUG [DataNucleus.MetaData] - No encontramos el MetaData del tipo "jdo" por la clase "es.deusto.spq.server.TipoSillas" en /META-INF/package.jdo
12:44:12,989 (main) DEBUG [DataNucleus.MetaData] - No encontramos el MetaData del tipo "jdo" por la clase "es.deusto.spq.server.TipoSillas" en /WEB-INF/package.jdo
12:44:12,989 (main) DEBUG [DataNucleus.MetaData] - No encontramos el MetaData del tipo "jdo" por la clase "es.deusto.spq.server.TipoSillas" en /package.jdo
12:44:12,989 (main) DEBUG [DataNucleus.MetaData] - No encontramos el MetaData del tipo "jdo" por la clase "es.deusto.spq.server.TipoSillas" en /es/package.jdo
12:44:12,990 (main) DEBUG [DataNucleus.MetaData] - No encontramos el MetaData del tipo "jdo" por la clase "es.deusto.spq.server.TipoSillas" en /es/deusto/package.jdo
12:44:12,990 (main) DEBUG [DataNucleus.MetaData] - No encontramos el MetaData del tipo "jdo" por la clase "es.deusto.spq.server.TipoSillas" en /es/deusto/spq/package.jdo
12:44:12,991 (main) DEBUG [DataNucleus.MetaData] - No encontramos el MetaData del tipo "jdo" por la clase "es.deusto.spq.server.TipoSillas" en /es/deusto/spq/server/package.jdo
12:44:12,992 (main) DEBUG [DataNucleus.MetaData] - No encontramos el MetaData del tipo "jdo" por la clase "es.deusto.spq.server.TipoSillas" en /es/deusto/spq/server/TipoSillas.jdo
12:44:12,992 (main) DEBUG [DataNucleus.MetaData] - No hemos encontrado el MetaData del tipo "jdo" por la clase "es.deusto.spq.server.TipoSillas"
12:44:12,992 (main) DEBUG [DataNucleus.MetaData] - Registrando la clase "es.deusto.spq.server.TipoSillas" no tener Meta-Data
12:44:12,992 (main) DEBUG [DataNucleus.MetaData] - La clase "es.deusto.spq.server.TipoSillas" no tiene MetaData o annotaciones.
12:44:12,993 (main) DEBUG [DataNucleus.MetaData] - No encontramos el MetaData del tipo "jdo" por la clase "es.deusto.spq.server.TipoTV" en /META-INF/package.jdo
12:44:12,994 (main) DEBUG [DataNucleus.MetaData] - No encontramos el MetaData del tipo "jdo" por la clase "es.deusto.spq.server.TipoTV" en /WEB-INF/package.jdo
12:44:12,994 (main) DEBUG [DataNucleus.MetaData] - No encontramos el MetaData del tipo "jdo" por la clase "es.deusto.spq.server.TipoTV" en /package.jdo
12:44:12,994 (main) DEBUG [DataNucleus.MetaData] - No encontramos el MetaData del tipo "jdo" por la clase "es.deusto.spq.server.TipoTV" en /es/package.jdo
12:44:12,995 (main) DEBUG [DataNucleus.MetaData] - No encontramos el MetaData del tipo "jdo" por la clase "es.deusto.spq.server.TipoTV" en /es/deusto/package.jdo
12:44:12,995 (main) DEBUG [DataNucleus.MetaData] - No encontramos el MetaData del tipo "jdo" por la clase "es.deusto.spq.server.TipoTV" en /es/deusto/spq/package.jdo
12:44:12,995 (main) DEBUG [DataNucleus.MetaData] - No encontramos el MetaData del tipo "jdo" por la clase "es.deusto.spq.server.TipoTV" en /es/deusto/spq/server/package.jdo
12:44:12,995 (main) DEBUG [DataNucleus.MetaData] - No encontramos el MetaData del tipo "jdo" por la clase "es.deusto.spq.server.TipoTV" en /es/deusto/spq/server/TipoTV.jdo
12:44:12,996 (main) DEBUG [DataNucleus.MetaData] - No hemos encontrado el MetaData del tipo "jdo" por la clase "es.deusto.spq.server.TipoTV"
12:44:12,996 (main) DEBUG [DataNucleus.MetaData] - Registrando la clase "es.deusto.spq.server.TipoTV" no tener Meta-Data
12:44:12,996 (main) DEBUG [DataNucleus.MetaData] - La clase "es.deusto.spq.server.TipoTV" no tiene MetaData o annotaciones.
12:44:12,997 (main) DEBUG [DataNucleus.MetaData] - No encontramos el MetaData del tipo "jdo" por la clase "es.deusto.spq.server.Usuario" en /META-INF/package.jdo
12:44:12,997 (main) DEBUG [DataNucleus.MetaData] - No encontramos el MetaData del tipo "jdo" por la clase "es.deusto.spq.server.Usuario" en /WEB-INF/package.jdo
12:44:12,998 (main) DEBUG [DataNucleus.MetaData] - No encontramos el MetaData del tipo "jdo" por la clase "es.deusto.spq.server.Usuario" en /package.jdo
12:44:12,998 (main) DEBUG [DataNucleus.MetaData] - No encontramos el MetaData del tipo "jdo" por la clase "es.deusto.spq.server.Usuario" en /es/package.jdo
12:44:12,998 (main) DEBUG [DataNucleus.MetaData] - No encontramos el MetaData del tipo "jdo" por la clase "es.deusto.spq.server.Usuario" en /es/deusto/package.jdo
12:44:12,998 (main) DEBUG [DataNucleus.MetaData] - No encontramos el MetaData del tipo "jdo" por la clase "es.deusto.spq.server.Usuario" en /es/deusto/spq/package.jdo
12:44:12,998 (main) DEBUG [DataNucleus.MetaData] - No encontramos el MetaData del tipo "jdo" por la clase "es.deusto.spq.server.Usuario" en /es/deusto/spq/server/package.jdo
12:44:12,999 (main) DEBUG [DataNucleus.MetaData] - No encontramos el MetaData del tipo "jdo" por la clase "es.deusto.spq.server.Usuario" en /es/deusto/spq/server/Usuario.jdo
12:44:12,999 (main) DEBUG [DataNucleus.MetaData] - No hemos encontrado el MetaData del tipo "jdo" por la clase "es.deusto.spq.server.Usuario"
12:44:12,999 (main) DEBUG [DataNucleus.MetaData] - Registrando la clase "es.deusto.spq.server.Usuario" no tener Meta-Data
12:44:12,999 (main) DEBUG [DataNucleus.MetaData] - La clase "es.deusto.spq.server.Usuario" no tiene MetaData o annotaciones.
12:44:12,999 (main) DEBUG [DataNucleus.MetaData] - Populación del MetaData ...
12:44:12,999 (main) DEBUG [DataNucleus.MetaData] - Clase "es.deusto.spq.server.jdo.Message" : Populando Meta-Data
12:44:13,000 (main) DEBUG [DataNucleus.MetaData] - Clase "es.deusto.spq.server.jdo.Message" campo "user" : añadiendo el Meta-Data por el campo como no estaba en la definición de Meta-Data.
12:44:13,000 (main) DEBUG [DataNucleus.MetaData] - Clase "es.deusto.spq.server.jdo.Message" campo "text" : añadiendo el Meta-Data por el campo como no estaba en la definición de Meta-Data.
12:44:13,000 (main) DEBUG [DataNucleus.MetaData] - Clase "es.deusto.spq.server.jdo.Message" campo "timestamp" : añadiendo el Meta-Data por el campo como no estaba en la definición de Meta-Data.
12:44:13,002 (main) DEBUG [DataNucleus.MetaData] - Clase "es.deusto.spq.server.jdo.User" : Populando Meta-Data
12:44:13,002 (main) DEBUG [DataNucleus.MetaData] - Clase "es.deusto.spq.server.jdo.User" campo "password" : añadiendo el Meta-Data por el campo como no estaba en la definición de Meta-Data.
12:44:13,002 (main) DEBUG [DataNucleus.MetaData] - Inicialisación del MetaData ...
12:44:13,003 (main) DEBUG [DataNucleus.MetaData] - Clase "es.deusto.spq.server.jdo.Message" : Inicializando Meta-Data
12:44:13,004 (main) DEBUG [DataNucleus.MetaData] - Clase "es.deusto.spq.server.jdo.User" : Inicializando Meta-Data
12:44:13,005 (main) DEBUG [DataNucleus.MetaData] - MetaData Management : Carga de Metadata ya ha terminado
12:44:13,010 (main) DEBUG [DataNucleus.Enhancer] - Enhance de la clase "es.deusto.spq.server.jdo.Message" empezando ...
12:44:13,026 (main) DEBUG [DataNucleus.Enhancer] - La clase "es.deusto.spq.server.jdo.Message" no implementa el interfaz "org.datanucleus.enhancement.Persistable"!
12:44:13,026 (main) DEBUG [DataNucleus.Enhancer] - La clase "es.deusto.spq.server.jdo.Message" no tiene el campo "dnStateManager" pero lo necesita
12:44:13,027 (main) DEBUG [DataNucleus.Enhancer] - La clase "es.deusto.spq.server.jdo.Message" no tiene el campo "dnInheritedFieldCount" pero lo necesita
12:44:13,027 (main) DEBUG [DataNucleus.Enhancer] - La clase "es.deusto.spq.server.jdo.Message" no tiene el campo "dnFlags" pero lo necesita
12:44:13,027 (main) DEBUG [DataNucleus.Enhancer] - La clase "es.deusto.spq.server.jdo.Message" no tiene el campo "dnFieldNames" pero lo necesita
12:44:13,027 (main) DEBUG [DataNucleus.Enhancer] - La clase "es.deusto.spq.server.jdo.Message" no tiene el metodo "dnReplaceField" pero lo necesita
12:44:13,027 (main) DEBUG [DataNucleus.Enhancer] - La clase "es.deusto.spq.server.jdo.Message" no tiene el metodo "dnGetStateManager" pero lo necesita
12:44:13,027 (main) DEBUG [DataNucleus.Enhancer] - La clase "es.deusto.spq.server.jdo.Message" no tiene el metodo "dnIsTransactional" pero lo necesita
12:44:13,027 (main) DEBUG [DataNucleus.Enhancer] - La clase "es.deusto.spq.server.jdo.Message" no tiene el metodo "dnNewInstance" pero lo necesita
12:44:13,028 (main) DEBUG [DataNucleus.Enhancer] - La clase "es.deusto.spq.server.jdo.Message" no tiene el metodo "dnNewInstance" pero lo necesita
12:44:13,028 (main) DEBUG [DataNucleus.Enhancer] - La clase "es.deusto.spq.server.jdo.Message" no tiene el metodo "dnProvideFields" pero lo necesita
12:44:13,028 (main) DEBUG [DataNucleus.Enhancer] - La clase "es.deusto.spq.server.jdo.Message" no tiene el metodo "___dn$loadClass" pero lo necesita
12:44:13,028 (main) DEBUG [DataNucleus.Enhancer] - La clase "es.deusto.spq.server.jdo.Message" no tiene el metodo "dnGetManagedFieldCount" pero lo necesita
12:44:13,028 (main) DEBUG [DataNucleus.Enhancer] - La clase "es.deusto.spq.server.jdo.Message" no tiene el metodo "dnIsDirty" pero lo necesita
12:44:13,028 (main) DEBUG [DataNucleus.Enhancer] - La clase "es.deusto.spq.server.jdo.Message" no tiene el metodo "dnReplaceStateManager" pero lo necesita
12:44:13,028 (main) DEBUG [DataNucleus.Enhancer] - La clase "es.deusto.spq.server.jdo.Message" no tiene el metodo "dnReplaceFlags" pero lo necesita
12:44:13,028 (main) DEBUG [DataNucleus.Enhancer] - La clase "es.deusto.spq.server.jdo.Message" no tiene el metodo "dnIsDetached" pero lo necesita
12:44:13,028 (main) DEBUG [DataNucleus.Enhancer] - La clase "es.deusto.spq.server.jdo.Message" no tiene el metodo "dnMakeDirty" pero lo necesita
12:44:13,028 (main) DEBUG [DataNucleus.Enhancer] - La clase "es.deusto.spq.server.jdo.Message" no tiene el metodo "dnIsDeleted" pero lo necesita
12:44:13,028 (main) DEBUG [DataNucleus.Enhancer] - La clase "es.deusto.spq.server.jdo.Message" no tiene el metodo "dnProvideField" pero lo necesita
12:44:13,028 (main) DEBUG [DataNucleus.Enhancer] - La clase "es.deusto.spq.server.jdo.Message" no tiene el metodo "dnPreSerialize" pero lo necesita
12:44:13,028 (main) DEBUG [DataNucleus.Enhancer] - La clase "es.deusto.spq.server.jdo.Message" no tiene el metodo "dnGetObjectId" pero lo necesita
12:44:13,031 (main) DEBUG [DataNucleus.Enhancer] - La clase "es.deusto.spq.server.jdo.Message" no tiene el metodo "dnGetVersion" pero lo necesita
12:44:13,031 (main) DEBUG [DataNucleus.Enhancer] - La clase "es.deusto.spq.server.jdo.Message" no tiene el metodo "dnGetTransactionalObjectId" pero lo necesita
12:44:13,031 (main) DEBUG [DataNucleus.Enhancer] - La clase "es.deusto.spq.server.jdo.Message" no tiene el metodo "dnIsNew" pero lo necesita
12:44:13,031 (main) DEBUG [DataNucleus.Enhancer] - La clase "es.deusto.spq.server.jdo.Message" no tiene el metodo "dnCopyKeyFieldsToObjectId" pero lo necesita
12:44:13,031 (main) DEBUG [DataNucleus.Enhancer] - La clase "es.deusto.spq.server.jdo.Message" no tiene el metodo "dnCopyKeyFieldsToObjectId" pero lo necesita
12:44:13,031 (main) DEBUG [DataNucleus.Enhancer] - La clase "es.deusto.spq.server.jdo.Message" no tiene el metodo "dnCopyField" pero lo necesita
12:44:13,031 (main) DEBUG [DataNucleus.Enhancer] - La clase "es.deusto.spq.server.jdo.Message" no tiene el metodo "dnCopyKeyFieldsFromObjectId" pero lo necesita
12:44:13,031 (main) DEBUG [DataNucleus.Enhancer] - La clase "es.deusto.spq.server.jdo.Message" no tiene el metodo "dnCopyKeyFieldsFromObjectId" pero lo necesita
12:44:13,031 (main) DEBUG [DataNucleus.Enhancer] - La clase "es.deusto.spq.server.jdo.Message" no tiene el metodo "dnGetExecutionContext" pero lo necesita
12:44:13,031 (main) DEBUG [DataNucleus.Enhancer] - La clase "es.deusto.spq.server.jdo.Message" no tiene el metodo "dnCopyFields" pero lo necesita
12:44:13,031 (main) DEBUG [DataNucleus.Enhancer] - La clase "es.deusto.spq.server.jdo.Message" no tiene el metodo "__dnGetInheritedFieldCount" pero lo necesita
12:44:13,032 (main) DEBUG [DataNucleus.Enhancer] - La clase "es.deusto.spq.server.jdo.Message" no tiene el metodo "dnNewObjectIdInstance" pero lo necesita
12:44:13,032 (main) DEBUG [DataNucleus.Enhancer] - La clase "es.deusto.spq.server.jdo.Message" no tiene el metodo "dnNewObjectIdInstance" pero lo necesita
12:44:13,032 (main) DEBUG [DataNucleus.Enhancer] - La clase "es.deusto.spq.server.jdo.Message" no tiene el metodo "dnIsPersistent" pero lo necesita
12:44:13,032 (main) DEBUG [DataNucleus.Enhancer] - La clase "es.deusto.spq.server.jdo.Message" no tiene el metodo "dnReplaceFields" pero lo necesita
12:44:13,032 (main) DEBUG [DataNucleus.Enhancer] - La clase "es.deusto.spq.server.jdo.Message" no tiene el metodo "__dnFieldNamesInit" pero lo necesita
12:44:13,046 (main) DEBUG [DataNucleus.Enhancer] - Agregando el interfaz: org.datanucleus.enhancement.Persistable
12:44:13,050 (main) DEBUG [DataNucleus.Enhancer] - Enhancing metodo original es.deusto.spq.server.jdo.Message.<init> : ignorando enhance de set del campo "es.deusto.spq.server.jdo.Message.user"
12:44:13,051 (main) DEBUG [DataNucleus.Enhancer] - Enhancing metodo original es.deusto.spq.server.jdo.Message.<init> : ignorando enhance de set del campo "es.deusto.spq.server.jdo.Message.text"
12:44:13,051 (main) DEBUG [DataNucleus.Enhancer] - Enhancing metodo original es.deusto.spq.server.jdo.Message.<init> : ignorando enhance de set del campo "es.deusto.spq.server.jdo.Message.text"
12:44:13,051 (main) DEBUG [DataNucleus.Enhancer] - Enhancing metodo original es.deusto.spq.server.jdo.Message.<init> : ignorando enhance de set del campo "es.deusto.spq.server.jdo.Message.timestamp"
12:44:13,055 (main) DEBUG [DataNucleus.Enhancer] - Enhancing metodo original es.deusto.spq.server.jdo.Message.getUser, cambiando el uso del campo "es.deusto.spq.server.jdo.Message.user" para utilisar "dnGetuser()"
12:44:13,055 (main) DEBUG [DataNucleus.Enhancer] - Enhancing metodo original es.deusto.spq.server.jdo.Message.setUser, cambiando el uso del campo "es.deusto.spq.server.jdo.Message.user" para utilisar "dnSetuser()"
12:44:13,056 (main) DEBUG [DataNucleus.Enhancer] - Enhancing metodo original es.deusto.spq.server.jdo.Message.toString, cambiando el uso del campo "es.deusto.spq.server.jdo.Message.text" para utilisar "dnGettext()"
12:44:13,056 (main) DEBUG [DataNucleus.Enhancer] - Enhancing metodo original es.deusto.spq.server.jdo.Message.toString, cambiando el uso del campo "es.deusto.spq.server.jdo.Message.timestamp" para utilisar "dnGettimestamp()"
12:44:13,056 (main) DEBUG [DataNucleus.Enhancer] - Agregando el campo "org.datanucleus.enhancement.StateManager dnStateManager"
12:44:13,056 (main) DEBUG [DataNucleus.Enhancer] - Agregando el campo "byte dnFlags"
12:44:13,056 (main) DEBUG [DataNucleus.Enhancer] - Agregando el campo "[Ljava.lang.String; dnFieldNames"
12:44:13,057 (main) DEBUG [DataNucleus.Enhancer] - Agregando el campo "int dnInheritedFieldCount"
12:44:13,058 (main) DEBUG [DataNucleus.Enhancer] - Agregando el metodo "void <clinit>()"
12:44:13,059 (main) DEBUG [DataNucleus.Enhancer] - Agregando el constructor "es.deusto.spq.server.jdo.Message()"
12:44:13,060 (main) DEBUG [DataNucleus.Enhancer] - Agregando el metodo "void dnCopyKeyFieldsFromObjectId(org.datanucleus.enhancement.Persistable$ObjectIdFieldConsumer fc, java.lang.Object oid)"
12:44:13,060 (main) DEBUG [DataNucleus.Enhancer] - Agregando el metodo "void dnCopyKeyFieldsFromObjectId(java.lang.Object oid)"
12:44:13,061 (main) DEBUG [DataNucleus.Enhancer] - Agregando el metodo "void dnCopyKeyFieldsToObjectId(java.lang.Object oid)"
12:44:13,061 (main) DEBUG [DataNucleus.Enhancer] - Agregando el metodo "void dnCopyKeyFieldsToObjectId(org.datanucleus.enhancement.Persistable$ObjectIdFieldSupplier fs, java.lang.Object oid)"
12:44:13,061 (main) DEBUG [DataNucleus.Enhancer] - Agregando el metodo "java.lang.Object dnGetObjectId()"
12:44:13,062 (main) DEBUG [DataNucleus.Enhancer] - Agregando el metodo "java.lang.Object dnGetVersion()"
12:44:13,062 (main) DEBUG [DataNucleus.Enhancer] - Agregando el metodo "void dnPreSerialize()"
12:44:13,063 (main) DEBUG [DataNucleus.Enhancer] - Agregando el metodo "org.datanucleus.enhancement.ExecutionContextReference dnGetExecutionContext()"
12:44:13,064 (main) DEBUG [DataNucleus.Enhancer] - Agregando el metodo "org.datanucleus.enhancement.StateManager dnGetStateManager()"
12:44:13,064 (main) DEBUG [DataNucleus.Enhancer] - Agregando el metodo "java.lang.Object dnGetTransactionalObjectId()"
12:44:13,065 (main) DEBUG [DataNucleus.Enhancer] - Agregando el metodo "boolean dnIsDeleted()"
12:44:13,065 (main) DEBUG [DataNucleus.Enhancer] - Agregando el metodo "boolean dnIsDirty()"
12:44:13,066 (main) DEBUG [DataNucleus.Enhancer] - Agregando el metodo "boolean dnIsNew()"
12:44:13,066 (main) DEBUG [DataNucleus.Enhancer] - Agregando el metodo "boolean dnIsPersistent()"
12:44:13,067 (main) DEBUG [DataNucleus.Enhancer] - Agregando el metodo "boolean dnIsTransactional()"
12:44:13,068 (main) DEBUG [DataNucleus.Enhancer] - Agregando el metodo "void dnMakeDirty(java.lang.String fieldName)"
12:44:13,068 (main) DEBUG [DataNucleus.Enhancer] - Agregando el metodo "java.lang.Object dnNewObjectIdInstance()"
12:44:13,068 (main) DEBUG [DataNucleus.Enhancer] - Agregando el metodo "java.lang.Object dnNewObjectIdInstance(java.lang.Object key)"
12:44:13,069 (main) DEBUG [DataNucleus.Enhancer] - Agregando el metodo "void dnProvideFields([I indices)"
12:44:13,069 (main) DEBUG [DataNucleus.Enhancer] - Agregando el metodo "void dnReplaceFields([I indices)"
12:44:13,069 (main) DEBUG [DataNucleus.Enhancer] - Agregando el metodo "void dnReplaceFlags()"
12:44:13,070 (main) DEBUG [DataNucleus.Enhancer] - Agregando el metodo "void dnReplaceStateManager(org.datanucleus.enhancement.StateManager sm)"
12:44:13,070 (main) DEBUG [DataNucleus.Enhancer] - Agregando el metodo "boolean dnIsDetached()"
12:44:13,070 (main) DEBUG [DataNucleus.Enhancer] - Agregando el metodo "org.datanucleus.enhancement.Persistable dnNewInstance(org.datanucleus.enhancement.StateManager sm)"
12:44:13,071 (main) DEBUG [DataNucleus.Enhancer] - Agregando el metodo "org.datanucleus.enhancement.Persistable dnNewInstance(org.datanucleus.enhancement.StateManager sm, java.lang.Object obj)"
12:44:13,071 (main) DEBUG [DataNucleus.Enhancer] - Agregando el metodo "void dnReplaceField(int index)"
12:44:13,072 (main) DEBUG [DataNucleus.Enhancer] - Agregando el metodo "void dnProvideField(int index)"
12:44:13,073 (main) DEBUG [DataNucleus.Enhancer] - Agregando el metodo "void dnCopyField(es.deusto.spq.server.jdo.Message obj, int index)"
12:44:13,073 (main) DEBUG [DataNucleus.Enhancer] - Agregando el metodo "void dnCopyFields(java.lang.Object obj, [I indices)"
12:44:13,073 (main) DEBUG [DataNucleus.Enhancer] - Agregando el metodo "[Ljava.lang.String; __dnFieldNamesInit()"
12:44:13,074 (main) DEBUG [DataNucleus.Enhancer] - Agregando el metodo "int __dnGetInheritedFieldCount()"
12:44:13,074 (main) DEBUG [DataNucleus.Enhancer] - Agregando el metodo "int dnGetManagedFieldCount()"
12:44:13,075 (main) DEBUG [DataNucleus.Enhancer] - Agregando el metodo "java.lang.Class ___dn$loadClass(java.lang.String className)"
12:44:13,077 (main) DEBUG [DataNucleus.Enhancer] - Agregando el metodo "java.lang.String dnGettext(es.deusto.spq.server.jdo.Message objPC)"
12:44:13,078 (main) DEBUG [DataNucleus.Enhancer] - Agregando el metodo "void dnSettext(es.deusto.spq.server.jdo.Message objPC, java.lang.String val)"
12:44:13,078 (main) DEBUG [DataNucleus.Enhancer] - Agregando el metodo "long dnGettimestamp(es.deusto.spq.server.jdo.Message objPC)"
12:44:13,078 (main) DEBUG [DataNucleus.Enhancer] - Agregando el metodo "void dnSettimestamp(es.deusto.spq.server.jdo.Message objPC, long val)"
12:44:13,079 (main) DEBUG [DataNucleus.Enhancer] - Agregando el metodo "es.deusto.spq.server.jdo.User dnGetuser(es.deusto.spq.server.jdo.Message objPC)"
12:44:13,080 (main) DEBUG [DataNucleus.Enhancer] - Agregando el metodo "void dnSetuser(es.deusto.spq.server.jdo.Message objPC, es.deusto.spq.server.jdo.User val)"
12:44:13,081 (main) INFO  [DataNucleus.Enhancer] - Escribiendo el archivo de clase "C:\Users\enrique\Desktop\UNIVERSIDAD\3Carrera\2ºCuatri\Proyectos\Proyecto-SoftwareYCalidad\ProyectoSoftwareYcalidad\target\classes\es\deusto\spq\server\jdo\Message.class" con definicion enhanced
12:44:13,082 (main) INFO  [DataNucleus.Enhancer] - ENHANCED (Persistable) : es.deusto.spq.server.jdo.Message
12:44:13,082 (main) DEBUG [DataNucleus.Enhancer] - Enhance de la clase "es.deusto.spq.server.jdo.Message" ha terminado
12:44:13,082 (main) DEBUG [DataNucleus.Enhancer] - Enhance de la clase "es.deusto.spq.server.jdo.User" empezando ...
12:44:13,083 (main) DEBUG [DataNucleus.Enhancer] - La clase "es.deusto.spq.server.jdo.User" no implementa el interfaz "org.datanucleus.enhancement.Persistable"!
12:44:13,083 (main) DEBUG [DataNucleus.Enhancer] - La clase "es.deusto.spq.server.jdo.User" no tiene el campo "dnStateManager" pero lo necesita
12:44:13,083 (main) DEBUG [DataNucleus.Enhancer] - La clase "es.deusto.spq.server.jdo.User" no tiene el campo "dnInheritedFieldCount" pero lo necesita
12:44:13,084 (main) DEBUG [DataNucleus.Enhancer] - La clase "es.deusto.spq.server.jdo.User" no tiene el campo "dnFlags" pero lo necesita
12:44:13,084 (main) DEBUG [DataNucleus.Enhancer] - La clase "es.deusto.spq.server.jdo.User" no tiene el campo "dnFieldNames" pero lo necesita
12:44:13,084 (main) DEBUG [DataNucleus.Enhancer] - La clase "es.deusto.spq.server.jdo.User" no tiene el metodo "dnReplaceField" pero lo necesita
12:44:13,084 (main) DEBUG [DataNucleus.Enhancer] - La clase "es.deusto.spq.server.jdo.User" no tiene el metodo "dnGetStateManager" pero lo necesita
12:44:13,084 (main) DEBUG [DataNucleus.Enhancer] - La clase "es.deusto.spq.server.jdo.User" no tiene el metodo "dnIsTransactional" pero lo necesita
12:44:13,084 (main) DEBUG [DataNucleus.Enhancer] - La clase "es.deusto.spq.server.jdo.User" no tiene el metodo "dnNewInstance" pero lo necesita
12:44:13,084 (main) DEBUG [DataNucleus.Enhancer] - La clase "es.deusto.spq.server.jdo.User" no tiene el metodo "dnNewInstance" pero lo necesita
12:44:13,084 (main) DEBUG [DataNucleus.Enhancer] - La clase "es.deusto.spq.server.jdo.User" no tiene el metodo "dnProvideFields" pero lo necesita
12:44:13,084 (main) DEBUG [DataNucleus.Enhancer] - La clase "es.deusto.spq.server.jdo.User" no tiene el metodo "___dn$loadClass" pero lo necesita
12:44:13,084 (main) DEBUG [DataNucleus.Enhancer] - La clase "es.deusto.spq.server.jdo.User" no tiene el metodo "dnGetManagedFieldCount" pero lo necesita
12:44:13,084 (main) DEBUG [DataNucleus.Enhancer] - La clase "es.deusto.spq.server.jdo.User" no tiene el metodo "dnIsDirty" pero lo necesita
12:44:13,084 (main) DEBUG [DataNucleus.Enhancer] - La clase "es.deusto.spq.server.jdo.User" no tiene el metodo "dnReplaceStateManager" pero lo necesita
12:44:13,084 (main) DEBUG [DataNucleus.Enhancer] - La clase "es.deusto.spq.server.jdo.User" no tiene el metodo "dnReplaceFlags" pero lo necesita
12:44:13,084 (main) DEBUG [DataNucleus.Enhancer] - La clase "es.deusto.spq.server.jdo.User" no tiene el metodo "dnIsDetached" pero lo necesita
12:44:13,084 (main) DEBUG [DataNucleus.Enhancer] - La clase "es.deusto.spq.server.jdo.User" no tiene el metodo "dnMakeDirty" pero lo necesita
12:44:13,084 (main) DEBUG [DataNucleus.Enhancer] - La clase "es.deusto.spq.server.jdo.User" no tiene el metodo "dnIsDeleted" pero lo necesita
12:44:13,084 (main) DEBUG [DataNucleus.Enhancer] - La clase "es.deusto.spq.server.jdo.User" no tiene el metodo "dnProvideField" pero lo necesita
12:44:13,084 (main) DEBUG [DataNucleus.Enhancer] - La clase "es.deusto.spq.server.jdo.User" no tiene el metodo "dnPreSerialize" pero lo necesita
12:44:13,084 (main) DEBUG [DataNucleus.Enhancer] - La clase "es.deusto.spq.server.jdo.User" no tiene el metodo "dnGetObjectId" pero lo necesita
12:44:13,084 (main) DEBUG [DataNucleus.Enhancer] - La clase "es.deusto.spq.server.jdo.User" no tiene el metodo "dnGetVersion" pero lo necesita
12:44:13,085 (main) DEBUG [DataNucleus.Enhancer] - La clase "es.deusto.spq.server.jdo.User" no tiene el metodo "dnGetTransactionalObjectId" pero lo necesita
12:44:13,085 (main) DEBUG [DataNucleus.Enhancer] - La clase "es.deusto.spq.server.jdo.User" no tiene el metodo "dnIsNew" pero lo necesita
12:44:13,085 (main) DEBUG [DataNucleus.Enhancer] - La clase "es.deusto.spq.server.jdo.User" no tiene el metodo "dnCopyKeyFieldsToObjectId" pero lo necesita
12:44:13,085 (main) DEBUG [DataNucleus.Enhancer] - La clase "es.deusto.spq.server.jdo.User" no tiene el metodo "dnCopyKeyFieldsToObjectId" pero lo necesita
12:44:13,085 (main) DEBUG [DataNucleus.Enhancer] - La clase "es.deusto.spq.server.jdo.User" no tiene el metodo "dnCopyField" pero lo necesita
12:44:13,085 (main) DEBUG [DataNucleus.Enhancer] - La clase "es.deusto.spq.server.jdo.User" no tiene el metodo "dnCopyKeyFieldsFromObjectId" pero lo necesita
12:44:13,085 (main) DEBUG [DataNucleus.Enhancer] - La clase "es.deusto.spq.server.jdo.User" no tiene el metodo "dnCopyKeyFieldsFromObjectId" pero lo necesita
12:44:13,085 (main) DEBUG [DataNucleus.Enhancer] - La clase "es.deusto.spq.server.jdo.User" no tiene el metodo "dnGetExecutionContext" pero lo necesita
12:44:13,085 (main) DEBUG [DataNucleus.Enhancer] - La clase "es.deusto.spq.server.jdo.User" no tiene el metodo "dnCopyFields" pero lo necesita
12:44:13,085 (main) DEBUG [DataNucleus.Enhancer] - La clase "es.deusto.spq.server.jdo.User" no tiene el metodo "__dnGetInheritedFieldCount" pero lo necesita
12:44:13,085 (main) DEBUG [DataNucleus.Enhancer] - La clase "es.deusto.spq.server.jdo.User" no tiene el metodo "dnNewObjectIdInstance" pero lo necesita
12:44:13,085 (main) DEBUG [DataNucleus.Enhancer] - La clase "es.deusto.spq.server.jdo.User" no tiene el metodo "dnNewObjectIdInstance" pero lo necesita
12:44:13,085 (main) DEBUG [DataNucleus.Enhancer] - La clase "es.deusto.spq.server.jdo.User" no tiene el metodo "dnIsPersistent" pero lo necesita
12:44:13,085 (main) DEBUG [DataNucleus.Enhancer] - La clase "es.deusto.spq.server.jdo.User" no tiene el metodo "dnReplaceFields" pero lo necesita
12:44:13,085 (main) DEBUG [DataNucleus.Enhancer] - La clase "es.deusto.spq.server.jdo.User" no tiene el metodo "__dnFieldNamesInit" pero lo necesita
12:44:13,086 (main) DEBUG [DataNucleus.Enhancer] - Agregando el interfaz: org.datanucleus.enhancement.Persistable
12:44:13,086 (main) DEBUG [DataNucleus.Enhancer] - Enhancing metodo original es.deusto.spq.server.jdo.User.<init> : ignorando enhance de set del campo "es.deusto.spq.server.jdo.User.login"
12:44:13,086 (main) DEBUG [DataNucleus.Enhancer] - Enhancing metodo original es.deusto.spq.server.jdo.User.<init> : ignorando enhance de set del campo "es.deusto.spq.server.jdo.User.password"
12:44:13,087 (main) DEBUG [DataNucleus.Enhancer] - Enhancing metodo original es.deusto.spq.server.jdo.User.<init> : ignorando enhance de set del campo "es.deusto.spq.server.jdo.User.messages"
12:44:13,087 (main) DEBUG [DataNucleus.Enhancer] - Enhancing metodo original es.deusto.spq.server.jdo.User.<init> : ignorando enhance de set del campo "es.deusto.spq.server.jdo.User.login"
12:44:13,087 (main) DEBUG [DataNucleus.Enhancer] - Enhancing metodo original es.deusto.spq.server.jdo.User.<init> : ignorando enhance de set del campo "es.deusto.spq.server.jdo.User.password"
12:44:13,087 (main) DEBUG [DataNucleus.Enhancer] - Enhancing metodo original es.deusto.spq.server.jdo.User.addMessage, cambiando el uso del campo "es.deusto.spq.server.jdo.User.messages" para utilisar "dnGetmessages()"
12:44:13,088 (main) DEBUG [DataNucleus.Enhancer] - Enhancing metodo original es.deusto.spq.server.jdo.User.removeMessage, cambiando el uso del campo "es.deusto.spq.server.jdo.User.messages" para utilisar "dnGetmessages()"
12:44:13,088 (main) DEBUG [DataNucleus.Enhancer] - Enhancing metodo original es.deusto.spq.server.jdo.User.getLogin, cambiando el uso del campo "es.deusto.spq.server.jdo.User.login" para utilisar "dnGetlogin()"
12:44:13,088 (main) DEBUG [DataNucleus.Enhancer] - Enhancing metodo original es.deusto.spq.server.jdo.User.getPassword, cambiando el uso del campo "es.deusto.spq.server.jdo.User.password" para utilisar "dnGetpassword()"
12:44:13,088 (main) DEBUG [DataNucleus.Enhancer] - Enhancing metodo original es.deusto.spq.server.jdo.User.setPassword, cambiando el uso del campo "es.deusto.spq.server.jdo.User.password" para utilisar "dnSetpassword()"
12:44:13,088 (main) DEBUG [DataNucleus.Enhancer] - Enhancing metodo original es.deusto.spq.server.jdo.User.getMessages, cambiando el uso del campo "es.deusto.spq.server.jdo.User.messages" para utilisar "dnGetmessages()"
12:44:13,088 (main) DEBUG [DataNucleus.Enhancer] - Enhancing metodo original es.deusto.spq.server.jdo.User.toString, cambiando el uso del campo "es.deusto.spq.server.jdo.User.messages" para utilisar "dnGetmessages()"
12:44:13,089 (main) DEBUG [DataNucleus.Enhancer] - Enhancing metodo original es.deusto.spq.server.jdo.User.toString, cambiando el uso del campo "es.deusto.spq.server.jdo.User.login" para utilisar "dnGetlogin()"
12:44:13,089 (main) DEBUG [DataNucleus.Enhancer] - Enhancing metodo original es.deusto.spq.server.jdo.User.toString, cambiando el uso del campo "es.deusto.spq.server.jdo.User.password" para utilisar "dnGetpassword()"
12:44:13,089 (main) DEBUG [DataNucleus.Enhancer] - Agregando el campo "org.datanucleus.enhancement.StateManager dnStateManager"
12:44:13,089 (main) DEBUG [DataNucleus.Enhancer] - Agregando el campo "byte dnFlags"
12:44:13,089 (main) DEBUG [DataNucleus.Enhancer] - Agregando el campo "[Ljava.lang.String; dnFieldNames"
12:44:13,089 (main) DEBUG [DataNucleus.Enhancer] - Agregando el campo "int dnInheritedFieldCount"
12:44:13,089 (main) DEBUG [DataNucleus.Enhancer] - Agregando el metodo "void <clinit>()"
12:44:13,089 (main) DEBUG [DataNucleus.Enhancer] - Agregando el constructor "es.deusto.spq.server.jdo.User()"
12:44:13,090 (main) DEBUG [DataNucleus.Enhancer] - Agregando el metodo "void dnCopyKeyFieldsFromObjectId(org.datanucleus.enhancement.Persistable$ObjectIdFieldConsumer fc, java.lang.Object oid)"
12:44:13,091 (main) DEBUG [DataNucleus.Enhancer] - Agregando el metodo "void dnCopyKeyFieldsFromObjectId(java.lang.Object oid)"
12:44:13,092 (main) DEBUG [DataNucleus.Enhancer] - Agregando el metodo "void dnCopyKeyFieldsToObjectId(java.lang.Object oid)"
12:44:13,092 (main) DEBUG [DataNucleus.Enhancer] - Agregando el metodo "void dnCopyKeyFieldsToObjectId(org.datanucleus.enhancement.Persistable$ObjectIdFieldSupplier fs, java.lang.Object oid)"
12:44:13,092 (main) DEBUG [DataNucleus.Enhancer] - Agregando el metodo "java.lang.Object dnGetObjectId()"
12:44:13,092 (main) DEBUG [DataNucleus.Enhancer] - Agregando el metodo "java.lang.Object dnGetVersion()"
12:44:13,092 (main) DEBUG [DataNucleus.Enhancer] - Agregando el metodo "void dnPreSerialize()"
12:44:13,092 (main) DEBUG [DataNucleus.Enhancer] - Agregando el metodo "org.datanucleus.enhancement.ExecutionContextReference dnGetExecutionContext()"
12:44:13,093 (main) DEBUG [DataNucleus.Enhancer] - Agregando el metodo "org.datanucleus.enhancement.StateManager dnGetStateManager()"
12:44:13,093 (main) DEBUG [DataNucleus.Enhancer] - Agregando el metodo "java.lang.Object dnGetTransactionalObjectId()"
12:44:13,093 (main) DEBUG [DataNucleus.Enhancer] - Agregando el metodo "boolean dnIsDeleted()"
12:44:13,093 (main) DEBUG [DataNucleus.Enhancer] - Agregando el metodo "boolean dnIsDirty()"
12:44:13,093 (main) DEBUG [DataNucleus.Enhancer] - Agregando el metodo "boolean dnIsNew()"
12:44:13,093 (main) DEBUG [DataNucleus.Enhancer] - Agregando el metodo "boolean dnIsPersistent()"
12:44:13,093 (main) DEBUG [DataNucleus.Enhancer] - Agregando el metodo "boolean dnIsTransactional()"
12:44:13,093 (main) DEBUG [DataNucleus.Enhancer] - Agregando el metodo "void dnMakeDirty(java.lang.String fieldName)"
12:44:13,094 (main) DEBUG [DataNucleus.Enhancer] - Agregando el metodo "java.lang.Object dnNewObjectIdInstance()"
12:44:13,094 (main) DEBUG [DataNucleus.Enhancer] - Agregando el metodo "java.lang.Object dnNewObjectIdInstance(java.lang.Object key)"
12:44:13,094 (main) DEBUG [DataNucleus.Enhancer] - Agregando el metodo "void dnProvideFields([I indices)"
12:44:13,094 (main) DEBUG [DataNucleus.Enhancer] - Agregando el metodo "void dnReplaceFields([I indices)"
12:44:13,094 (main) DEBUG [DataNucleus.Enhancer] - Agregando el metodo "void dnReplaceFlags()"
12:44:13,095 (main) DEBUG [DataNucleus.Enhancer] - Agregando el metodo "void dnReplaceStateManager(org.datanucleus.enhancement.StateManager sm)"
12:44:13,095 (main) DEBUG [DataNucleus.Enhancer] - Agregando el metodo "boolean dnIsDetached()"
12:44:13,095 (main) DEBUG [DataNucleus.Enhancer] - Agregando el metodo "org.datanucleus.enhancement.Persistable dnNewInstance(org.datanucleus.enhancement.StateManager sm)"
12:44:13,095 (main) DEBUG [DataNucleus.Enhancer] - Agregando el metodo "org.datanucleus.enhancement.Persistable dnNewInstance(org.datanucleus.enhancement.StateManager sm, java.lang.Object obj)"
12:44:13,095 (main) DEBUG [DataNucleus.Enhancer] - Agregando el metodo "void dnReplaceField(int index)"
12:44:13,095 (main) DEBUG [DataNucleus.Enhancer] - Agregando el metodo "void dnProvideField(int index)"
12:44:13,095 (main) DEBUG [DataNucleus.Enhancer] - Agregando el metodo "void dnCopyField(es.deusto.spq.server.jdo.User obj, int index)"
12:44:13,096 (main) DEBUG [DataNucleus.Enhancer] - Agregando el metodo "void dnCopyFields(java.lang.Object obj, [I indices)"
12:44:13,096 (main) DEBUG [DataNucleus.Enhancer] - Agregando el metodo "[Ljava.lang.String; __dnFieldNamesInit()"
12:44:13,096 (main) DEBUG [DataNucleus.Enhancer] - Agregando el metodo "int __dnGetInheritedFieldCount()"
12:44:13,096 (main) DEBUG [DataNucleus.Enhancer] - Agregando el metodo "int dnGetManagedFieldCount()"
12:44:13,096 (main) DEBUG [DataNucleus.Enhancer] - Agregando el metodo "java.lang.Class ___dn$loadClass(java.lang.String className)"
12:44:13,096 (main) DEBUG [DataNucleus.Enhancer] - Agregando el metodo "java.lang.String dnGetlogin(es.deusto.spq.server.jdo.User objPC)"
12:44:13,097 (main) DEBUG [DataNucleus.Enhancer] - Agregando el metodo "void dnSetlogin(es.deusto.spq.server.jdo.User objPC, java.lang.String val)"
12:44:13,097 (main) DEBUG [DataNucleus.Enhancer] - Agregando el metodo "java.util.Set dnGetmessages(es.deusto.spq.server.jdo.User objPC)"
12:44:13,097 (main) DEBUG [DataNucleus.Enhancer] - Agregando el metodo "void dnSetmessages(es.deusto.spq.server.jdo.User objPC, java.util.Set val)"
12:44:13,097 (main) DEBUG [DataNucleus.Enhancer] - Agregando el metodo "java.lang.String dnGetpassword(es.deusto.spq.server.jdo.User objPC)"
12:44:13,097 (main) DEBUG [DataNucleus.Enhancer] - Agregando el metodo "void dnSetpassword(es.deusto.spq.server.jdo.User objPC, java.lang.String val)"
12:44:13,098 (main) INFO  [DataNucleus.Enhancer] - Escribiendo el archivo de clase "C:\Users\enrique\Desktop\UNIVERSIDAD\3Carrera\2ºCuatri\Proyectos\Proyecto-SoftwareYCalidad\ProyectoSoftwareYcalidad\target\classes\es\deusto\spq\server\jdo\User.class" con definicion enhanced
12:44:13,099 (main) INFO  [DataNucleus.Enhancer] - ENHANCED (Persistable) : es.deusto.spq.server.jdo.User
12:44:13,099 (main) DEBUG [DataNucleus.Enhancer] - Enhance de la clase "es.deusto.spq.server.jdo.User" ha terminado
12:44:13,111 (main) INFO  [DataNucleus.Enhancer] - DataNucleus Enhancer ha terminado con exito para 2 clases. Tiempos : input=228 ms, enhance=94 ms, total=322 ms. Compruebe el LOG para los detalles
